This is pdfTeX, Version 3.14159265-2.6-1.40.16 (MiKTeX 2.9 64-bit) (preloaded format=pdflatex 2016.4.29)  9 JAN 2017 06:06
entering extended mode
**./PyBioMed.tex
(PyBioMed.tex
LaTeX2e <2015/10/01> patch level 2
Babel <3.9n> and hyphenation patterns for 69 languages loaded.
(sphinxmanual.cls
Document Class: sphinxmanual 2009/06/02 Document class (Sphinx manual)
("C:\Program Files\MiKTEX\tex\latex\base\report.cls"
Document Class: report 2014/09/29 v1.4h Standard LaTeX document class
("C:\Program Files\MiKTEX\tex\latex\base\size10.clo"
File: size10.clo 2014/09/29 v1.4h Standard LaTeX file (size option)
)
\c@part=\count79
\c@chapter=\count80
\c@section=\count81
\c@subsection=\count82
\c@subsubsection=\count83
\c@paragraph=\count84
\c@subparagraph=\count85
\c@figure=\count86
\c@table=\count87
\abovecaptionskip=\skip41
\belowcaptionskip=\skip42
\bibindent=\dimen102
)) (iftex.sty
Package: iftex 2013/04/04 v0.2 Provides if(tex) conditional for PDFTeX, XeTeX, 
and LuaTeX
)
("C:\Program Files\MiKTEX\tex\latex\base\inputenc.sty"
Package: inputenc 2015/03/17 v1.2c Input encoding file
\inpenc@prehook=\toks14
\inpenc@posthook=\toks15

("C:\Program Files\MiKTEX\tex\latex\base\utf8.def"
File: utf8.def 2015/09/07 v1.1p UTF-8 support for inputenc
Now handling font encoding OML ...
... no UTF-8 mapping file for font encoding OML
Now handling font encoding T1 ...
... processing UTF-8 mapping file for font encoding T1

("C:\Program Files\MiKTEX\tex\latex\base\t1enc.dfu"
File: t1enc.dfu 2015/09/07 v1.1p UTF-8 support for inputenc
   defining Unicode char U+00A0 (decimal 160)
   defining Unicode char U+00A1 (decimal 161)
   defining Unicode char U+00A3 (decimal 163)
   defining Unicode char U+00AB (decimal 171)
   defining Unicode char U+00AD (decimal 173)
   defining Unicode char U+00BB (decimal 187)
   defining Unicode char U+00BF (decimal 191)
   defining Unicode char U+00C0 (decimal 192)
   defining Unicode char U+00C1 (decimal 193)
   defining Unicode char U+00C2 (decimal 194)
   defining Unicode char U+00C3 (decimal 195)
   defining Unicode char U+00C4 (decimal 196)
   defining Unicode char U+00C5 (decimal 197)
   defining Unicode char U+00C6 (decimal 198)
   defining Unicode char U+00C7 (decimal 199)
   defining Unicode char U+00C8 (decimal 200)
   defining Unicode char U+00C9 (decimal 201)
   defining Unicode char U+00CA (decimal 202)
   defining Unicode char U+00CB (decimal 203)
   defining Unicode char U+00CC (decimal 204)
   defining Unicode char U+00CD (decimal 205)
   defining Unicode char U+00CE (decimal 206)
   defining Unicode char U+00CF (decimal 207)
   defining Unicode char U+00D0 (decimal 208)
   defining Unicode char U+00D1 (decimal 209)
   defining Unicode char U+00D2 (decimal 210)
   defining Unicode char U+00D3 (decimal 211)
   defining Unicode char U+00D4 (decimal 212)
   defining Unicode char U+00D5 (decimal 213)
   defining Unicode char U+00D6 (decimal 214)
   defining Unicode char U+00D8 (decimal 216)
   defining Unicode char U+00D9 (decimal 217)
   defining Unicode char U+00DA (decimal 218)
   defining Unicode char U+00DB (decimal 219)
   defining Unicode char U+00DC (decimal 220)
   defining Unicode char U+00DD (decimal 221)
   defining Unicode char U+00DE (decimal 222)
   defining Unicode char U+00DF (decimal 223)
   defining Unicode char U+00E0 (decimal 224)
   defining Unicode char U+00E1 (decimal 225)
   defining Unicode char U+00E2 (decimal 226)
   defining Unicode char U+00E3 (decimal 227)
   defining Unicode char U+00E4 (decimal 228)
   defining Unicode char U+00E5 (decimal 229)
   defining Unicode char U+00E6 (decimal 230)
   defining Unicode char U+00E7 (decimal 231)
   defining Unicode char U+00E8 (decimal 232)
   defining Unicode char U+00E9 (decimal 233)
   defining Unicode char U+00EA (decimal 234)
   defining Unicode char U+00EB (decimal 235)
   defining Unicode char U+00EC (decimal 236)
   defining Unicode char U+00ED (decimal 237)
   defining Unicode char U+00EE (decimal 238)
   defining Unicode char U+00EF (decimal 239)
   defining Unicode char U+00F0 (decimal 240)
   defining Unicode char U+00F1 (decimal 241)
   defining Unicode char U+00F2 (decimal 242)
   defining Unicode char U+00F3 (decimal 243)
   defining Unicode char U+00F4 (decimal 244)
   defining Unicode char U+00F5 (decimal 245)
   defining Unicode char U+00F6 (decimal 246)
   defining Unicode char U+00F8 (decimal 248)
   defining Unicode char U+00F9 (decimal 249)
   defining Unicode char U+00FA (decimal 250)
   defining Unicode char U+00FB (decimal 251)
   defining Unicode char U+00FC (decimal 252)
   defining Unicode char U+00FD (decimal 253)
   defining Unicode char U+00FE (decimal 254)
   defining Unicode char U+00FF (decimal 255)
   defining Unicode char U+0102 (decimal 258)
   defining Unicode char U+0103 (decimal 259)
   defining Unicode char U+0104 (decimal 260)
   defining Unicode char U+0105 (decimal 261)
   defining Unicode char U+0106 (decimal 262)
   defining Unicode char U+0107 (decimal 263)
   defining Unicode char U+010C (decimal 268)
   defining Unicode char U+010D (decimal 269)
   defining Unicode char U+010E (decimal 270)
   defining Unicode char U+010F (decimal 271)
   defining Unicode char U+0110 (decimal 272)
   defining Unicode char U+0111 (decimal 273)
   defining Unicode char U+0118 (decimal 280)
   defining Unicode char U+0119 (decimal 281)
   defining Unicode char U+011A (decimal 282)
   defining Unicode char U+011B (decimal 283)
   defining Unicode char U+011E (decimal 286)
   defining Unicode char U+011F (decimal 287)
   defining Unicode char U+0130 (decimal 304)
   defining Unicode char U+0131 (decimal 305)
   defining Unicode char U+0132 (decimal 306)
   defining Unicode char U+0133 (decimal 307)
   defining Unicode char U+0139 (decimal 313)
   defining Unicode char U+013A (decimal 314)
   defining Unicode char U+013D (decimal 317)
   defining Unicode char U+013E (decimal 318)
   defining Unicode char U+0141 (decimal 321)
   defining Unicode char U+0142 (decimal 322)
   defining Unicode char U+0143 (decimal 323)
   defining Unicode char U+0144 (decimal 324)
   defining Unicode char U+0147 (decimal 327)
   defining Unicode char U+0148 (decimal 328)
   defining Unicode char U+014A (decimal 330)
   defining Unicode char U+014B (decimal 331)
   defining Unicode char U+0150 (decimal 336)
   defining Unicode char U+0151 (decimal 337)
   defining Unicode char U+0152 (decimal 338)
   defining Unicode char U+0153 (decimal 339)
   defining Unicode char U+0154 (decimal 340)
   defining Unicode char U+0155 (decimal 341)
   defining Unicode char U+0158 (decimal 344)
   defining Unicode char U+0159 (decimal 345)
   defining Unicode char U+015A (decimal 346)
   defining Unicode char U+015B (decimal 347)
   defining Unicode char U+015E (decimal 350)
   defining Unicode char U+015F (decimal 351)
   defining Unicode char U+0160 (decimal 352)
   defining Unicode char U+0161 (decimal 353)
   defining Unicode char U+0162 (decimal 354)
   defining Unicode char U+0163 (decimal 355)
   defining Unicode char U+0164 (decimal 356)
   defining Unicode char U+0165 (decimal 357)
   defining Unicode char U+016E (decimal 366)
   defining Unicode char U+016F (decimal 367)
   defining Unicode char U+0170 (decimal 368)
   defining Unicode char U+0171 (decimal 369)
   defining Unicode char U+0174 (decimal 372)
   defining Unicode char U+0175 (decimal 373)
   defining Unicode char U+0176 (decimal 374)
   defining Unicode char U+0177 (decimal 375)
   defining Unicode char U+0178 (decimal 376)
   defining Unicode char U+0179 (decimal 377)
   defining Unicode char U+017A (decimal 378)
   defining Unicode char U+017B (decimal 379)
   defining Unicode char U+017C (decimal 380)
   defining Unicode char U+017D (decimal 381)
   defining Unicode char U+017E (decimal 382)
   defining Unicode char U+0218 (decimal 536)
   defining Unicode char U+0219 (decimal 537)
   defining Unicode char U+021A (decimal 538)
   defining Unicode char U+021B (decimal 539)
   defining Unicode char U+200C (decimal 8204)
   defining Unicode char U+2013 (decimal 8211)
   defining Unicode char U+2014 (decimal 8212)
   defining Unicode char U+2018 (decimal 8216)
   defining Unicode char U+2019 (decimal 8217)
   defining Unicode char U+201A (decimal 8218)
   defining Unicode char U+201C (decimal 8220)
   defining Unicode char U+201D (decimal 8221)
   defining Unicode char U+201E (decimal 8222)
   defining Unicode char U+2030 (decimal 8240)
   defining Unicode char U+2031 (decimal 8241)
   defining Unicode char U+2039 (decimal 8249)
   defining Unicode char U+203A (decimal 8250)
   defining Unicode char U+2423 (decimal 9251)
)
Now handling font encoding OT1 ...
... processing UTF-8 mapping file for font encoding OT1

("C:\Program Files\MiKTEX\tex\latex\base\ot1enc.dfu"
File: ot1enc.dfu 2015/09/07 v1.1p UTF-8 support for inputenc
   defining Unicode char U+00A0 (decimal 160)
   defining Unicode char U+00A1 (decimal 161)
   defining Unicode char U+00A3 (decimal 163)
   defining Unicode char U+00AD (decimal 173)
   defining Unicode char U+00B8 (decimal 184)
   defining Unicode char U+00BF (decimal 191)
   defining Unicode char U+00C5 (decimal 197)
   defining Unicode char U+00C6 (decimal 198)
   defining Unicode char U+00D8 (decimal 216)
   defining Unicode char U+00DF (decimal 223)
   defining Unicode char U+00E6 (decimal 230)
   defining Unicode char U+00EC (decimal 236)
   defining Unicode char U+00ED (decimal 237)
   defining Unicode char U+00EE (decimal 238)
   defining Unicode char U+00EF (decimal 239)
   defining Unicode char U+00F8 (decimal 248)
   defining Unicode char U+0131 (decimal 305)
   defining Unicode char U+0141 (decimal 321)
   defining Unicode char U+0142 (decimal 322)
   defining Unicode char U+0152 (decimal 338)
   defining Unicode char U+0153 (decimal 339)
   defining Unicode char U+0174 (decimal 372)
   defining Unicode char U+0175 (decimal 373)
   defining Unicode char U+0176 (decimal 374)
   defining Unicode char U+0177 (decimal 375)
   defining Unicode char U+0218 (decimal 536)
   defining Unicode char U+0219 (decimal 537)
   defining Unicode char U+021A (decimal 538)
   defining Unicode char U+021B (decimal 539)
   defining Unicode char U+2013 (decimal 8211)
   defining Unicode char U+2014 (decimal 8212)
   defining Unicode char U+2018 (decimal 8216)
   defining Unicode char U+2019 (decimal 8217)
   defining Unicode char U+201C (decimal 8220)
   defining Unicode char U+201D (decimal 8221)
)
Now handling font encoding OMS ...
... processing UTF-8 mapping file for font encoding OMS

("C:\Program Files\MiKTEX\tex\latex\base\omsenc.dfu"
File: omsenc.dfu 2015/09/07 v1.1p UTF-8 support for inputenc
   defining Unicode char U+00A7 (decimal 167)
   defining Unicode char U+00B6 (decimal 182)
   defining Unicode char U+00B7 (decimal 183)
   defining Unicode char U+2020 (decimal 8224)
   defining Unicode char U+2021 (decimal 8225)
   defining Unicode char U+2022 (decimal 8226)
)
Now handling font encoding OMX ...
... no UTF-8 mapping file for font encoding OMX
Now handling font encoding U ...
... no UTF-8 mapping file for font encoding U
   defining Unicode char U+00A9 (decimal 169)
   defining Unicode char U+00AA (decimal 170)
   defining Unicode char U+00AE (decimal 174)
   defining Unicode char U+00BA (decimal 186)
   defining Unicode char U+02C6 (decimal 710)
   defining Unicode char U+02DC (decimal 732)
   defining Unicode char U+200C (decimal 8204)
   defining Unicode char U+2026 (decimal 8230)
   defining Unicode char U+2122 (decimal 8482)
   defining Unicode char U+2423 (decimal 9251)
))
   defining Unicode char U+00A0 (decimal 160)

("C:\Program Files\MiKTEX\tex\latex\cmap\cmap.sty"
Package: cmap 2008/03/06 v1.0h CMap support: searchable PDF
)
("C:\Program Files\MiKTEX\tex\latex\base\fontenc.sty"
Package: fontenc 2005/09/27 v1.99g Standard LaTeX package

("C:\Program Files\MiKTEX\tex\latex\base\t1enc.def"
File: t1enc.def 2005/09/27 v1.99g Standard LaTeX file
LaTeX Font Info:    Redeclaring font encoding T1 on input line 48.
)<<t1.cmap>>)
("C:\Program Files\MiKTEX\tex\latex\amsmath\amsmath.sty"
Package: amsmath 2013/01/14 v2.14 AMS math features
\@mathmargin=\skip43

For additional information on amsmath, use the `?' option.
("C:\Program Files\MiKTEX\tex\latex\amsmath\amstext.sty"
Package: amstext 2000/06/29 v2.01

("C:\Program Files\MiKTEX\tex\latex\amsmath\amsgen.sty"
File: amsgen.sty 1999/11/30 v2.0
\@emptytoks=\toks16
\ex@=\dimen103
))
("C:\Program Files\MiKTEX\tex\latex\amsmath\amsbsy.sty"
Package: amsbsy 1999/11/29 v1.2d
\pmbraise@=\dimen104
)
("C:\Program Files\MiKTEX\tex\latex\amsmath\amsopn.sty"
Package: amsopn 1999/12/14 v2.01 operator names
)
\inf@bad=\count88
LaTeX Info: Redefining \frac on input line 210.
\uproot@=\count89
\leftroot@=\count90
LaTeX Info: Redefining \overline on input line 306.
\classnum@=\count91
\DOTSCASE@=\count92
LaTeX Info: Redefining \ldots on input line 378.
LaTeX Info: Redefining \dots on input line 381.
LaTeX Info: Redefining \cdots on input line 466.
\Mathstrutbox@=\box26
\strutbox@=\box27
\big@size=\dimen105
LaTeX Font Info:    Redeclaring font encoding OML on input line 566.
LaTeX Font Info:    Redeclaring font encoding OMS on input line 567.
\macc@depth=\count93
\c@MaxMatrixCols=\count94
\dotsspace@=\muskip10
\c@parentequation=\count95
\dspbrk@lvl=\count96
\tag@help=\toks17
\row@=\count97
\column@=\count98
\maxfields@=\count99
\andhelp@=\toks18
\eqnshift@=\dimen106
\alignsep@=\dimen107
\tagshift@=\dimen108
\tagwidth@=\dimen109
\totwidth@=\dimen110
\lineht@=\dimen111
\@envbody=\toks19
\multlinegap=\skip44
\multlinetaggap=\skip45
\mathdisplay@stack=\toks20
LaTeX Info: Redefining \[ on input line 2665.
LaTeX Info: Redefining \] on input line 2666.
)
("C:\Program Files\MiKTEX\tex\latex\amsfonts\amssymb.sty"
Package: amssymb 2013/01/14 v3.01 AMS font symbols

("C:\Program Files\MiKTEX\tex\latex\amsfonts\amsfonts.sty"
Package: amsfonts 2013/01/14 v3.01 Basic AMSFonts support
\symAMSa=\mathgroup4
\symAMSb=\mathgroup5
LaTeX Font Info:    Overwriting math alphabet `\mathfrak' in version `bold'
(Font)                  U/euf/m/n --> U/euf/b/n on input line 106.
))
("C:\Program Files\MiKTEX\tex\generic\babel\babel.sty"
Package: babel 2016/01/08 3.9n The Babel package

*************************************
* Local config file bblopts.cfg used
*
("C:\Program Files\MiKTEX\tex\latex\00miktex\bblopts.cfg"
File: bblopts.cfg 2006/07/31 v1.0 MiKTeX 'babel' configuration
)
("C:\Program Files\MiKTEX\tex\latex\babel-english\english.ldf"
Language: english 2012/08/20 v3.3p English support from the babel system

("C:\Program Files\MiKTEX\tex\generic\babel\babel.def"
File: babel.def 2016/01/08 3.9n Babel common definitions
\babel@savecnt=\count100
\U@D=\dimen112
)
\l@canadian = a dialect from \language\l@american 
\l@australian = a dialect from \language\l@british 
\l@newzealand = a dialect from \language\l@british 
))
("C:\Program Files\MiKTEX\tex\latex\psnfss\times.sty"
Package: times 2005/04/12 PSNFSS-v9.2a (SPQR) 
) (fncychap.sty
Package: fncychap 2007/07/30 v1.34 LaTeX package (Revised chapters)
\RW=\skip46
\mylen=\skip47
\myhi=\skip48
\px=\skip49
\py=\skip50
\pyy=\skip51
\pxx=\skip52
\c@AlphaCnt=\count101
\c@AlphaDecCnt=\count102
)
("C:\Program Files\MiKTEX\tex\latex\tools\longtable.sty"
Package: longtable 2014/10/28 v4.11 Multi-page Table package (DPC)
\LTleft=\skip53
\LTright=\skip54
\LTpre=\skip55
\LTpost=\skip56
\LTchunksize=\count103
\LTcapwidth=\dimen113
\LT@head=\box28
\LT@firsthead=\box29
\LT@foot=\box30
\LT@lastfoot=\box31
\LT@cols=\count104
\LT@rows=\count105
\c@LT@tables=\count106
\c@LT@chunks=\count107
\LT@p@ftn=\toks21
) (sphinx.sty
Package: sphinx 2010/01/15 LaTeX package (Sphinx markup)

("C:\Program Files\MiKTEX\tex\latex\fancyhdr\fancyhdr.sty"
\fancy@headwidth=\skip57
\f@ncyO@elh=\skip58
\f@ncyO@erh=\skip59
\f@ncyO@olh=\skip60
\f@ncyO@orh=\skip61
\f@ncyO@elf=\skip62
\f@ncyO@erf=\skip63
\f@ncyO@olf=\skip64
\f@ncyO@orf=\skip65
)
("C:\Program Files\MiKTEX\tex\latex\base\textcomp.sty"
Package: textcomp 2005/09/27 v1.99g Standard LaTeX package
Package textcomp Info: Sub-encoding information:
(textcomp)               5 = only ISO-Adobe without \textcurrency
(textcomp)               4 = 5 + \texteuro
(textcomp)               3 = 4 + \textohm
(textcomp)               2 = 3 + \textestimated + \textcurrency
(textcomp)               1 = TS1 - \textcircled - \t
(textcomp)               0 = TS1 (full)
(textcomp)             Font families with sub-encoding setting implement
(textcomp)             only a restricted character set as indicated.
(textcomp)             Family '?' is the default used for unknown fonts.
(textcomp)             See the documentation for details.
Package textcomp Info: Setting ? sub-encoding to TS1/1 on input line 79.

("C:\Program Files\MiKTEX\tex\latex\base\ts1enc.def"
File: ts1enc.def 2001/06/05 v3.0e (jk/car/fm) Standard LaTeX file
Now handling font encoding TS1 ...
... processing UTF-8 mapping file for font encoding TS1

("C:\Program Files\MiKTEX\tex\latex\base\ts1enc.dfu"
File: ts1enc.dfu 2015/09/07 v1.1p UTF-8 support for inputenc
   defining Unicode char U+00A2 (decimal 162)
   defining Unicode char U+00A3 (decimal 163)
   defining Unicode char U+00A4 (decimal 164)
   defining Unicode char U+00A5 (decimal 165)
   defining Unicode char U+00A6 (decimal 166)
   defining Unicode char U+00A7 (decimal 167)
   defining Unicode char U+00A8 (decimal 168)
   defining Unicode char U+00A9 (decimal 169)
   defining Unicode char U+00AA (decimal 170)
   defining Unicode char U+00AC (decimal 172)
   defining Unicode char U+00AE (decimal 174)
   defining Unicode char U+00AF (decimal 175)
   defining Unicode char U+00B0 (decimal 176)
   defining Unicode char U+00B1 (decimal 177)
   defining Unicode char U+00B2 (decimal 178)
   defining Unicode char U+00B3 (decimal 179)
   defining Unicode char U+00B4 (decimal 180)
   defining Unicode char U+00B5 (decimal 181)
   defining Unicode char U+00B6 (decimal 182)
   defining Unicode char U+00B7 (decimal 183)
   defining Unicode char U+00B9 (decimal 185)
   defining Unicode char U+00BA (decimal 186)
   defining Unicode char U+00BC (decimal 188)
   defining Unicode char U+00BD (decimal 189)
   defining Unicode char U+00BE (decimal 190)
   defining Unicode char U+00D7 (decimal 215)
   defining Unicode char U+00F7 (decimal 247)
   defining Unicode char U+0192 (decimal 402)
   defining Unicode char U+02C7 (decimal 711)
   defining Unicode char U+02D8 (decimal 728)
   defining Unicode char U+02DD (decimal 733)
   defining Unicode char U+0E3F (decimal 3647)
   defining Unicode char U+2016 (decimal 8214)
   defining Unicode char U+2020 (decimal 8224)
   defining Unicode char U+2021 (decimal 8225)
   defining Unicode char U+2022 (decimal 8226)
   defining Unicode char U+2030 (decimal 8240)
   defining Unicode char U+2031 (decimal 8241)
   defining Unicode char U+203B (decimal 8251)
   defining Unicode char U+203D (decimal 8253)
   defining Unicode char U+2044 (decimal 8260)
   defining Unicode char U+204E (decimal 8270)
   defining Unicode char U+2052 (decimal 8274)
   defining Unicode char U+20A1 (decimal 8353)
   defining Unicode char U+20A4 (decimal 8356)
   defining Unicode char U+20A6 (decimal 8358)
   defining Unicode char U+20A9 (decimal 8361)
   defining Unicode char U+20AB (decimal 8363)
   defining Unicode char U+20AC (decimal 8364)
   defining Unicode char U+20B1 (decimal 8369)
   defining Unicode char U+2103 (decimal 8451)
   defining Unicode char U+2116 (decimal 8470)
   defining Unicode char U+2117 (decimal 8471)
   defining Unicode char U+211E (decimal 8478)
   defining Unicode char U+2120 (decimal 8480)
   defining Unicode char U+2122 (decimal 8482)
   defining Unicode char U+2126 (decimal 8486)
   defining Unicode char U+2127 (decimal 8487)
   defining Unicode char U+212E (decimal 8494)
   defining Unicode char U+2190 (decimal 8592)
   defining Unicode char U+2191 (decimal 8593)
   defining Unicode char U+2192 (decimal 8594)
   defining Unicode char U+2193 (decimal 8595)
   defining Unicode char U+2329 (decimal 9001)
   defining Unicode char U+232A (decimal 9002)
   defining Unicode char U+2422 (decimal 9250)
   defining Unicode char U+25E6 (decimal 9702)
   defining Unicode char U+25EF (decimal 9711)
   defining Unicode char U+266A (decimal 9834)
))
LaTeX Info: Redefining \oldstylenums on input line 334.
Package textcomp Info: Setting cmr sub-encoding to TS1/0 on input line 349.
Package textcomp Info: Setting cmss sub-encoding to TS1/0 on input line 350.
Package textcomp Info: Setting cmtt sub-encoding to TS1/0 on input line 351.
Package textcomp Info: Setting cmvtt sub-encoding to TS1/0 on input line 352.
Package textcomp Info: Setting cmbr sub-encoding to TS1/0 on input line 353.
Package textcomp Info: Setting cmtl sub-encoding to TS1/0 on input line 354.
Package textcomp Info: Setting ccr sub-encoding to TS1/0 on input line 355.
Package textcomp Info: Setting ptm sub-encoding to TS1/4 on input line 356.
Package textcomp Info: Setting pcr sub-encoding to TS1/4 on input line 357.
Package textcomp Info: Setting phv sub-encoding to TS1/4 on input line 358.
Package textcomp Info: Setting ppl sub-encoding to TS1/3 on input line 359.
Package textcomp Info: Setting pag sub-encoding to TS1/4 on input line 360.
Package textcomp Info: Setting pbk sub-encoding to TS1/4 on input line 361.
Package textcomp Info: Setting pnc sub-encoding to TS1/4 on input line 362.
Package textcomp Info: Setting pzc sub-encoding to TS1/4 on input line 363.
Package textcomp Info: Setting bch sub-encoding to TS1/4 on input line 364.
Package textcomp Info: Setting put sub-encoding to TS1/5 on input line 365.
Package textcomp Info: Setting uag sub-encoding to TS1/5 on input line 366.
Package textcomp Info: Setting ugq sub-encoding to TS1/5 on input line 367.
Package textcomp Info: Setting ul8 sub-encoding to TS1/4 on input line 368.
Package textcomp Info: Setting ul9 sub-encoding to TS1/4 on input line 369.
Package textcomp Info: Setting augie sub-encoding to TS1/5 on input line 370.
Package textcomp Info: Setting dayrom sub-encoding to TS1/3 on input line 371.
Package textcomp Info: Setting dayroms sub-encoding to TS1/3 on input line 372.

Package textcomp Info: Setting pxr sub-encoding to TS1/0 on input line 373.
Package textcomp Info: Setting pxss sub-encoding to TS1/0 on input line 374.
Package textcomp Info: Setting pxtt sub-encoding to TS1/0 on input line 375.
Package textcomp Info: Setting txr sub-encoding to TS1/0 on input line 376.
Package textcomp Info: Setting txss sub-encoding to TS1/0 on input line 377.
Package textcomp Info: Setting txtt sub-encoding to TS1/0 on input line 378.
Package textcomp Info: Setting lmr sub-encoding to TS1/0 on input line 379.
Package textcomp Info: Setting lmdh sub-encoding to TS1/0 on input line 380.
Package textcomp Info: Setting lmss sub-encoding to TS1/0 on input line 381.
Package textcomp Info: Setting lmssq sub-encoding to TS1/0 on input line 382.
Package textcomp Info: Setting lmvtt sub-encoding to TS1/0 on input line 383.
Package textcomp Info: Setting lmtt sub-encoding to TS1/0 on input line 384.
Package textcomp Info: Setting qhv sub-encoding to TS1/0 on input line 385.
Package textcomp Info: Setting qag sub-encoding to TS1/0 on input line 386.
Package textcomp Info: Setting qbk sub-encoding to TS1/0 on input line 387.
Package textcomp Info: Setting qcr sub-encoding to TS1/0 on input line 388.
Package textcomp Info: Setting qcs sub-encoding to TS1/0 on input line 389.
Package textcomp Info: Setting qpl sub-encoding to TS1/0 on input line 390.
Package textcomp Info: Setting qtm sub-encoding to TS1/0 on input line 391.
Package textcomp Info: Setting qzc sub-encoding to TS1/0 on input line 392.
Package textcomp Info: Setting qhvc sub-encoding to TS1/0 on input line 393.
Package textcomp Info: Setting futs sub-encoding to TS1/4 on input line 394.
Package textcomp Info: Setting futx sub-encoding to TS1/4 on input line 395.
Package textcomp Info: Setting futj sub-encoding to TS1/4 on input line 396.
Package textcomp Info: Setting hlh sub-encoding to TS1/3 on input line 397.
Package textcomp Info: Setting hls sub-encoding to TS1/3 on input line 398.
Package textcomp Info: Setting hlst sub-encoding to TS1/3 on input line 399.
Package textcomp Info: Setting hlct sub-encoding to TS1/5 on input line 400.
Package textcomp Info: Setting hlx sub-encoding to TS1/5 on input line 401.
Package textcomp Info: Setting hlce sub-encoding to TS1/5 on input line 402.
Package textcomp Info: Setting hlcn sub-encoding to TS1/5 on input line 403.
Package textcomp Info: Setting hlcw sub-encoding to TS1/5 on input line 404.
Package textcomp Info: Setting hlcf sub-encoding to TS1/5 on input line 405.
Package textcomp Info: Setting pplx sub-encoding to TS1/3 on input line 406.
Package textcomp Info: Setting pplj sub-encoding to TS1/3 on input line 407.
Package textcomp Info: Setting ptmx sub-encoding to TS1/4 on input line 408.
Package textcomp Info: Setting ptmj sub-encoding to TS1/4 on input line 409.
)
("C:\Program Files\MiKTEX\tex\latex\fancybox\fancybox.sty"
Package: fancybox 2010/05/15 1.4

Style option: `fancybox' v1.4 <2010/05/15> (tvz)
\@fancybox=\box32
\shadowsize=\dimen114
\@Sbox=\box33
\do@VerbBox=\toks22
\the@fancyput=\toks23
\this@fancyput=\toks24
\EndVerbatimTokens=\toks25
\Verbatim@Outfile=\write3
\Verbatim@Infile=\read1
) ("C:\Program Files\MiKTEX\tex\latex\titlesec\titlesec.sty"
Package: titlesec 2016/03/21 v2.10.2 Sectioning titles
\ttl@box=\box34
\beforetitleunit=\skip66
\aftertitleunit=\skip67
\ttl@plus=\dimen115
\ttl@minus=\dimen116
\ttl@toksa=\toks26
\titlewidth=\dimen117
\titlewidthlast=\dimen118
\titlewidthfirst=\dimen119
) (tabulary.sty
Package: tabulary 2008/12/01 v0.9 tabulary package (DPC)

("C:\Program Files\MiKTEX\tex\latex\tools\array.sty"
Package: array 2014/10/28 v2.4c Tabular extension package (FMi)
\col@sep=\dimen120
\extrarowheight=\dimen121
\NC@list=\toks27
\extratabsurround=\skip68
\backup@length=\skip69
)
\TY@count=\count108
\TY@linewidth=\dimen122
\tymin=\dimen123
\tymax=\dimen124
\TY@tablewidth=\dimen125
)
("C:\Program Files\MiKTEX\tex\latex\base\makeidx.sty"
Package: makeidx 2014/09/29 v1.0m Standard LaTeX package
)
("C:\Program Files\MiKTEX\tex\latex\framed\framed.sty"
Package: framed 2011/10/22 v 0.96: framed or shaded text with page breaks
\OuterFrameSep=\skip70
\fb@frw=\dimen126
\fb@frh=\dimen127
\FrameRule=\dimen128
\FrameSep=\dimen129
)
("C:\Program Files\MiKTEX\tex\latex\base\ifthen.sty"
Package: ifthen 2014/09/29 v1.1c Standard LaTeX ifthen package (DPC)
)
("C:\Program Files\MiKTEX\tex\latex\xcolor\xcolor.sty"
Package: xcolor 2007/01/21 v2.11 LaTeX color extensions (UK)

("C:\Program Files\MiKTEX\tex\latex\00miktex\color.cfg"
File: color.cfg 2007/01/18 v1.5 color configuration of teTeX/TeXLive
)
Package xcolor Info: Driver file: pdftex.def on input line 225.

("C:\Program Files\MiKTEX\tex\latex\pdftex-def\pdftex.def"
File: pdftex.def 2011/05/27 v0.06d Graphics/color for pdfTeX

("C:\Program Files\MiKTEX\tex\generic\oberdiek\infwarerr.sty"
Package: infwarerr 2010/04/08 v1.3 Providing info/warning/error messages (HO)
)
("C:\Program Files\MiKTEX\tex\generic\oberdiek\ltxcmds.sty"
Package: ltxcmds 2011/11/09 v1.22 LaTeX kernel commands for general use (HO)
)
\Gread@gobject=\count109
)
Package xcolor Info: Model `cmy' substituted by `cmy0' on input line 1337.
Package xcolor Info: Model `hsb' substituted by `rgb' on input line 1341.
Package xcolor Info: Model `RGB' extended on input line 1353.
Package xcolor Info: Model `HTML' substituted by `rgb' on input line 1355.
Package xcolor Info: Model `Hsb' substituted by `hsb' on input line 1356.
Package xcolor Info: Model `tHsb' substituted by `hsb' on input line 1357.
Package xcolor Info: Model `HSB' substituted by `hsb' on input line 1358.
Package xcolor Info: Model `Gray' substituted by `gray' on input line 1359.
Package xcolor Info: Model `wave' substituted by `hsb' on input line 1360.
)
("C:\Program Files\MiKTEX\tex\latex\fancyvrb\fancyvrb.sty"
Package: fancyvrb 2008/02/07

Style option: `fancyvrb' v2.7a, with DG/SPQR fixes, and firstline=lastline fix 
<2008/02/07> (tvz) ("C:\Program Files\MiKTEX\tex\latex\graphics\keyval.sty"
Package: keyval 2014/10/28 v1.15 key=value parser (DPC)
\KV@toks@=\toks28
)
\FV@CodeLineNo=\count110
\FV@InFile=\read2
\FV@TabBox=\box35
\c@FancyVerbLine=\count111
\FV@StepNumber=\count112
\FV@OutFile=\write4
)
("C:\Program Files\MiKTEX\tex\latex\threeparttable\threeparttable.sty"
Package: threeparttable 2003/06/13  v 3.0
\@tempboxb=\box36
)
("C:\Program Files\MiKTEX\tex\latex\mdwtools\footnote.sty"
Package: footnote 1997/01/28 1.13 Save footnotes around boxes
\fn@notes=\box37
\fn@width=\dimen130
)
("C:\Program Files\MiKTEX\tex\latex\wrapfig\wrapfig.sty"
\wrapoverhang=\dimen131
\WF@size=\dimen132
\c@WF@wrappedlines=\count113
\WF@box=\box38
\WF@everypar=\toks29
Package: wrapfig 2003/01/31  v 3.6
)
("C:\Program Files\MiKTEX\tex\latex\ltxmisc\parskip.sty"
Package: parskip 2001/04/09 non-zero parskip adjustments
)
("C:\Program Files\MiKTEX\tex\latex\base\alltt.sty"
Package: alltt 1997/06/16 v2.0g defines alltt environment
)
("C:\Program Files\MiKTEX\tex\latex\upquote\upquote.sty"
Package: upquote 2012/04/19 v1.3 upright-quote and grave-accent glyphs in verba
tim
)
("C:\Program Files\MiKTEX\tex\latex\float\float.sty"
Package: float 2001/11/08 v1.3d Float enhancements (AL)
\c@float@type=\count114
\float@exts=\toks30
\float@box=\box39
\@float@everytoks=\toks31
\@floatcapt=\box40
)
("C:\Program Files\MiKTEX\tex\latex\graphics\graphicx.sty"
Package: graphicx 2014/10/28 v1.0g Enhanced LaTeX Graphics (DPC,SPQR)

("C:\Program Files\MiKTEX\tex\latex\graphics\graphics.sty"
Package: graphics 2014/10/28 v1.0p Standard LaTeX Graphics (DPC,SPQR)

("C:\Program Files\MiKTEX\tex\latex\graphics\trig.sty"
Package: trig 1999/03/16 v1.09 sin cos tan (DPC)
)
("C:\Program Files\MiKTEX\tex\latex\00miktex\graphics.cfg"
File: graphics.cfg 2007/01/18 v1.5 graphics configuration of teTeX/TeXLive
)
Package graphics Info: Driver file: pdftex.def on input line 94.
)
\Gin@req@height=\dimen133
\Gin@req@width=\dimen134
)
("C:\Program Files\MiKTEX\tex\plain\misc\pdfcolor.tex")
\sphinxcontinuationbox=\box41
\sphinxvisiblespacebox=\box42
\sphinxshadowsep=\skip71
\sphinxshadowsize=\skip72
\sphinxshadowrule=\skip73
\py@argswidth=\skip74
\lineblockindentation=\skip75
\spx@image@box=\box43

("C:\Program Files\MiKTEX\tex\latex\hyperref\hyperref.sty"
Package: hyperref 2012/11/06 v6.83m Hypertext links for LaTeX

("C:\Program Files\MiKTEX\tex\generic\oberdiek\hobsub-hyperref.sty"
Package: hobsub-hyperref 2012/04/25 v1.12 Bundle oberdiek, subset hyperref (HO)


("C:\Program Files\MiKTEX\tex\generic\oberdiek\hobsub-generic.sty"
Package: hobsub-generic 2012/04/25 v1.12 Bundle oberdiek, subset generic (HO)
Package: hobsub 2012/04/25 v1.12 Construct package bundles (HO)
Package hobsub Info: Skipping package `infwarerr' (already loaded).
Package hobsub Info: Skipping package `ltxcmds' (already loaded).
Package: ifluatex 2010/03/01 v1.3 Provides the ifluatex switch (HO)
Package ifluatex Info: LuaTeX not detected.
Package: ifvtex 2010/03/01 v1.5 Detect VTeX and its facilities (HO)
Package ifvtex Info: VTeX not detected.
Package: intcalc 2007/09/27 v1.1 Expandable calculations with integers (HO)
Package: ifpdf 2011/01/30 v2.3 Provides the ifpdf switch (HO)
Package ifpdf Info: pdfTeX in PDF mode is detected.
Package: etexcmds 2011/02/16 v1.5 Avoid name clashes with e-TeX commands (HO)
Package etexcmds Info: Could not find \expanded.
(etexcmds)             That can mean that you are not using pdfTeX 1.50 or
(etexcmds)             that some package has redefined \expanded.
(etexcmds)             In the latter case, load this package earlier.
Package: kvsetkeys 2012/04/25 v1.16 Key value parser (HO)
Package: kvdefinekeys 2011/04/07 v1.3 Define keys (HO)
Package: pdftexcmds 2011/11/29 v0.20 Utility functions of pdfTeX for LuaTeX (HO
)
Package pdftexcmds Info: LuaTeX not detected.
Package pdftexcmds Info: \pdf@primitive is available.
Package pdftexcmds Info: \pdf@ifprimitive is available.
Package pdftexcmds Info: \pdfdraftmode found.
Package: pdfescape 2011/11/25 v1.13 Implements pdfTeX's escape features (HO)
Package: bigintcalc 2012/04/08 v1.3 Expandable calculations on big integers (HO
)
Package: bitset 2011/01/30 v1.1 Handle bit-vector datatype (HO)
Package: uniquecounter 2011/01/30 v1.2 Provide unlimited unique counter (HO)
)
Package hobsub Info: Skipping package `hobsub' (already loaded).
Package: letltxmacro 2010/09/02 v1.4 Let assignment for LaTeX macros (HO)
Package: hopatch 2011/06/24 v1.1 Wrapper for package hooks (HO)
Package: xcolor-patch 2011/01/30 xcolor patch
Package: atveryend 2011/06/30 v1.8 Hooks at the very end of document (HO)
Package atveryend Info: \enddocument detected (standard20110627).
Package: atbegshi 2011/10/05 v1.16 At begin shipout hook (HO)
Package: refcount 2011/10/16 v3.4 Data extraction from label references (HO)
Package: hycolor 2011/01/30 v1.7 Color options for hyperref/bookmark (HO)
)
("C:\Program Files\MiKTEX\tex\generic\ifxetex\ifxetex.sty"
Package: ifxetex 2010/09/12 v0.6 Provides ifxetex conditional
)
("C:\Program Files\MiKTEX\tex\latex\oberdiek\auxhook.sty"
Package: auxhook 2011/03/04 v1.3 Hooks for auxiliary files (HO)
)
("C:\Program Files\MiKTEX\tex\latex\oberdiek\kvoptions.sty"
Package: kvoptions 2011/06/30 v3.11 Key value format for package options (HO)
)
\@linkdim=\dimen135
\Hy@linkcounter=\count115
\Hy@pagecounter=\count116

("C:\Program Files\MiKTEX\tex\latex\hyperref\pd1enc.def"
File: pd1enc.def 2012/11/06 v6.83m Hyperref: PDFDocEncoding definition (HO)
Now handling font encoding PD1 ...
... no UTF-8 mapping file for font encoding PD1
)
\Hy@SavedSpaceFactor=\count117

("C:\Program Files\MiKTEX\tex\latex\00miktex\hyperref.cfg"
File: hyperref.cfg 2002/06/06 v1.2 hyperref configuration of TeXLive
)
Package hyperref Info: Option `unicode' set `true' on input line 4319.

("C:\Program Files\MiKTEX\tex\latex\hyperref\puenc.def"
File: puenc.def 2012/11/06 v6.83m Hyperref: PDF Unicode definition (HO)
Now handling font encoding PU ...
... no UTF-8 mapping file for font encoding PU
)
Package hyperref Info: Option `colorlinks' set `true' on input line 4319.
Package hyperref Info: Option `breaklinks' set `true' on input line 4319.
Package hyperref Info: Hyper figures OFF on input line 4443.
Package hyperref Info: Link nesting OFF on input line 4448.
Package hyperref Info: Hyper index ON on input line 4451.
Package hyperref Info: Plain pages OFF on input line 4458.
Package hyperref Info: Backreferencing OFF on input line 4463.
Package hyperref Info: Implicit mode ON; LaTeX internals redefined.
Package hyperref Info: Bookmarks ON on input line 4688.
\c@Hy@tempcnt=\count118

("C:\Program Files\MiKTEX\tex\latex\url\url.sty"
\Urlmuskip=\muskip11
Package: url 2013/09/16  ver 3.4  Verb mode for urls, etc.
)
LaTeX Info: Redefining \url on input line 5041.
\XeTeXLinkMargin=\dimen136
\Fld@menulength=\count119
\Field@Width=\dimen137
\Fld@charsize=\dimen138
Package hyperref Info: Hyper figures OFF on input line 6295.
Package hyperref Info: Link nesting OFF on input line 6300.
Package hyperref Info: Hyper index ON on input line 6303.
Package hyperref Info: backreferencing OFF on input line 6310.
Package hyperref Info: Link coloring ON on input line 6313.
Package hyperref Info: Link coloring with OCG OFF on input line 6320.
Package hyperref Info: PDF/A mode OFF on input line 6325.
LaTeX Info: Redefining \ref on input line 6365.
LaTeX Info: Redefining \pageref on input line 6369.
\Hy@abspage=\count120
\c@Item=\count121
\c@Hfootnote=\count122
)

Package hyperref Message: Driver (autodetected): hpdftex.

("C:\Program Files\MiKTEX\tex\latex\hyperref\hpdftex.def"
File: hpdftex.def 2012/11/06 v6.83m Hyperref driver for pdfTeX
\Fld@listcount=\count123
\c@bookmark@seq@number=\count124

("C:\Program Files\MiKTEX\tex\latex\oberdiek\rerunfilecheck.sty"
Package: rerunfilecheck 2011/04/15 v1.7 Rerun checks for auxiliary files (HO)
Package uniquecounter Info: New unique counter `rerunfilecheck' on input line 2
82.
)
\Hy@SectionHShift=\skip76
)
("C:\Program Files\MiKTEX\tex\latex\oberdiek\hypcap.sty"
Package: hypcap 2011/02/16 v1.11 Adjusting the anchors of captions (HO)
)
\DUlineblockindent=\skip77
 (newfloat.sty
Package: newfloat 2015/09/17 v1.1-109 Defining new floating environments (AR)
)
Package newfloat Info: New float `literal-block' with options `' on input line 
874.
\c@literal-block=\count125
Package newfloat Info: float type `literal-block'=4 on input line 874.

("C:\Program Files\MiKTEX\tex\latex\capt-of\capt-of.sty"
Package: capt-of 2009/12/29 v0.2 standard captions outside of floats
) (needspace.sty
Package: needspace 2010/09/12 v1.3d reserve vertical space
)
** (sphinx) defining (legacy) text style macros without \sphinx prefix
** if clashes with packages, set latex_keep_old_macro_names=False in conf.py
) ("C:\Program Files\MiKTEX\tex\latex\multirow\multirow.sty"
\bigstrutjot=\dimen139
)
("C:\Program Files\MiKTEX\tex\latex\eqparbox\eqparbox.sty"
Package: eqparbox 2013/03/15 v4.0 Create equal-widthed boxes
\eqp@tempdima=\skip78
\eqp@tempdimb=\skip79
\eqp@tabular@box=\box44
\eqp@list@box=\box45
\eqp@list@indent=\skip80

("C:\Program Files\MiKTEX\tex\latex\environ\environ.sty"
Package: environ 2014/05/04 v0.3 A new way to define environments

("C:\Program Files\MiKTEX\tex\latex\trimspaces\trimspaces.sty"
Package: trimspaces 2009/09/17 v1.1 Trim spaces around a token list
))) (PyBioMed.aux)
\openout1 = `PyBioMed.aux'.

LaTeX Font Info:    Checking defaults for OML/cmm/m/it on input line 142.
LaTeX Font Info:    ... okay on input line 142.
LaTeX Font Info:    Checking defaults for T1/cmr/m/n on input line 142.
LaTeX Font Info:    ... okay on input line 142.
LaTeX Font Info:    Checking defaults for OT1/cmr/m/n on input line 142.
LaTeX Font Info:    ... okay on input line 142.
LaTeX Font Info:    Checking defaults for OMS/cmsy/m/n on input line 142.
LaTeX Font Info:    ... okay on input line 142.
LaTeX Font Info:    Checking defaults for OMX/cmex/m/n on input line 142.
LaTeX Font Info:    ... okay on input line 142.
LaTeX Font Info:    Checking defaults for U/cmr/m/n on input line 142.
LaTeX Font Info:    ... okay on input line 142.
LaTeX Font Info:    Checking defaults for TS1/cmr/m/n on input line 142.
LaTeX Font Info:    Try loading font information for TS1+cmr on input line 142.

 ("C:\Program Files\MiKTEX\tex\latex\base\ts1cmr.fd"
File: ts1cmr.fd 2014/09/29 v2.5h Standard LaTeX font definitions
)
LaTeX Font Info:    ... okay on input line 142.
LaTeX Font Info:    Checking defaults for PD1/pdf/m/n on input line 142.
LaTeX Font Info:    ... okay on input line 142.
LaTeX Font Info:    Checking defaults for PU/pdf/m/n on input line 142.
LaTeX Font Info:    ... okay on input line 142.
LaTeX Font Info:    Try loading font information for T1+ptm on input line 142.

("C:\Program Files\MiKTEX\tex\latex\psnfss\t1ptm.fd"
File: t1ptm.fd 2001/06/04 font definitions for T1/ptm.
)
("C:\Program Files\MiKTEX\tex\context\base\supp-pdf.mkii"
[Loading MPS to PDF converter (version 2006.09.02).]
\scratchcounter=\count126
\scratchdimen=\dimen140
\scratchbox=\box46
\nofMPsegments=\count127
\nofMParguments=\count128
\everyMPshowfont=\toks32
\MPscratchCnt=\count129
\MPscratchDim=\dimen141
\MPnumerator=\count130
\makeMPintoPDFobject=\count131
\everyMPtoPDFconversion=\toks33
)
\AtBeginShipoutBox=\box47
Package hyperref Info: Link coloring ON on input line 142.
 ("C:\Program Files\MiKTEX\tex\latex\hyperref\nameref.sty"
Package: nameref 2012/10/27 v2.43 Cross-referencing by name of section

("C:\Program Files\MiKTEX\tex\generic\oberdiek\gettitlestring.sty"
Package: gettitlestring 2010/12/03 v1.4 Cleanup title references (HO)
)
\c@section@level=\count132
)
LaTeX Info: Redefining \ref on input line 142.
LaTeX Info: Redefining \pageref on input line 142.
LaTeX Info: Redefining \nameref on input line 142.

(PyBioMed.out) (PyBioMed.out)
\@outlinefile=\write5
\openout5 = `PyBioMed.out'.

LaTeX Font Info:    Try loading font information for T1+phv on input line 145.

("C:\Program Files\MiKTEX\tex\latex\psnfss\t1phv.fd"
File: t1phv.fd 2001/06/04 scalable font definitions for T1/phv.
)
LaTeX Font Info:    Font shape `T1/phv/bx/n' in size <10> not available
(Font)              Font shape `T1/phv/b/n' tried instead on input line 145.
LaTeX Font Info:    Font shape `T1/phv/bx/n' in size <24.88> not available
(Font)              Font shape `T1/phv/b/n' tried instead on input line 145.
LaTeX Font Info:    Font shape `T1/phv/bx/it' in size <10> not available
(Font)              Font shape `T1/phv/b/it' tried instead on input line 145.
LaTeX Font Info:    Font shape `T1/phv/b/it' in size <10> not available
(Font)              Font shape `T1/phv/b/sl' tried instead on input line 145.
LaTeX Font Info:    Font shape `T1/phv/bx/it' in size <17.28> not available
(Font)              Font shape `T1/phv/b/it' tried instead on input line 145.
LaTeX Font Info:    Font shape `T1/phv/b/it' in size <17.28> not available
(Font)              Font shape `T1/phv/b/sl' tried instead on input line 145.
LaTeX Font Info:    Font shape `T1/phv/bx/n' in size <17.28> not available
(Font)              Font shape `T1/phv/b/n' tried instead on input line 145.
<<ot1.cmap>><<oml.cmap>><<oms.cmap>><<omx.cmap>>
LaTeX Font Info:    Try loading font information for U+msa on input line 145.
 ("C:\Program Files\MiKTEX\tex\latex\amsfonts\umsa.fd"
File: umsa.fd 2013/01/14 v3.01 AMS symbols A
)
LaTeX Font Info:    Try loading font information for U+msb on input line 145.

("C:\Program Files\MiKTEX\tex\latex\amsfonts\umsb.fd"
File: umsb.fd 2013/01/14 v3.01 AMS symbols B
)
LaTeX Font Info:    Font shape `T1/phv/bx/n' in size <12> not available
(Font)              Font shape `T1/phv/b/n' tried instead on input line 145.

<logocbdd.png, id=440, 258.36525pt x 69.3792pt>
File: logocbdd.png Graphic file (type png)
 <use logocbdd.png>
Package pdftex.def Info: logocbdd.png used on input line 145.
(pdftex.def)             Requested size: 284.52756pt x 76.41049pt.
 [1

{C:/Users/yzj/AppData/Local/MiKTeX/2.9/pdftex/config/pdftex.map} <./logocbdd.pn
g>]
[2

] (PyBioMed.toc
LaTeX Font Info:    Font shape `T1/ptm/bx/n' in size <10> not available
(Font)              Font shape `T1/ptm/b/n' tried instead on input line 2.
 [1

] [2])
\tf@toc=\write6
\openout6 = `PyBioMed.toc'.

 [3] [4

] [1] [2

]
Chapter 1.
LaTeX Font Info:    Font shape `T1/phv/bx/n' in size <14.4> not available
(Font)              Font shape `T1/phv/b/n' tried instead on input line 152.
LaTeX Font Info:    Font shape `T1/ptm/bx/n' in size <14.4> not available
(Font)              Font shape `T1/ptm/b/n' tried instead on input line 152.
LaTeX Font Info:    Font shape `T1/ptm/bx/n' in size <24.88> not available
(Font)              Font shape `T1/ptm/b/n' tried instead on input line 152.
LaTeX Font Info:    Try loading font information for TS1+ptm on input line 166.

("C:\Program Files\MiKTEX\tex\latex\psnfss\ts1ptm.fd"
File: ts1ptm.fd 2001/06/04 font definitions for TS1/ptm.
) [3]
! Misplaced \noalign.
\hline ->\noalign 
                  {\ifnum 0=`}\fi \penalty \@M \futurelet \@let@token \LT@@h...
l.200 	\hline
             
I expect to see \noalign only after the \cr of
an alignment. Proceed, and I'll ignore this case.

! Misplaced \omit.
\multispan ->\omit 
                   \@multispan 
l.201 	\textbf
              {\large{Types}} & \centerline{\textbf{\large{Features}}} \\
I expect to see \omit only after tab marks or the \cr of
an alignment. Proceed, and I'll ignore this case.

! Extra alignment tab has been changed to \cr.
<template> \endtemplate 
                        
l.201 	\textbf
              {\large{Types}} & \centerline{\textbf{\large{Features}}} \\
You have given more \span or & marks than there were
in the preamble to the \halign or \valign now in progress.
So I'll assume that you meant to type \cr instead.

LaTeX Font Info:    Font shape `T1/ptm/bx/n' in size <12> not available
(Font)              Font shape `T1/ptm/b/n' tried instead on input line 201.
[4] [5] [6

]
Chapter 2.
LaTeX Font Info:    Try loading font information for T1+pcr on input line 1.
("C:\Program Files\MiKTEX\tex\latex\psnfss\t1pcr.fd"
File: t1pcr.fd 2001/06/04 font definitions for T1/pcr.
)
LaTeX Font Info:    Font shape `T1/pcr/m/it' in size <10> not available
(Font)              Font shape `T1/pcr/m/sl' tried instead on input line 1.
 [7]
LaTeX Font Info:    Font shape `T1/pcr/bx/n' in size <9> not available
(Font)              Font shape `T1/pcr/b/n' tried instead on input line 332.
LaTeX Font Info:    Try loading font information for TS1+pcr on input line 333.


("C:\Program Files\MiKTEX\tex\latex\psnfss\ts1pcr.fd"
File: ts1pcr.fd 2001/06/04 font definitions for TS1/pcr.
)
LaTeX Font Info:    Font shape `T1/pcr/m/it' in size <9> not available
(Font)              Font shape `T1/pcr/m/sl' tried instead on input line 366.
 [8] [9] [10]
<single_features.png, id=649, 2417.03pt x 1722.435pt>
File: single_features.png Graphic file (type png)

<use single_features.png>
Package pdftex.def Info: single_features.png used on input line 542.
(pdftex.def)             Requested size: 284.52756pt x 202.74095pt.
 [11 <./single_features.png>] [12] [13] [14] [15]
[16]

LaTeX Warning: Command \texttimes invalid in math mode on input line 843.


LaTeX Warning: Command \texttimes invalid in math mode on input line 843.


LaTeX Warning: Command \textellipsis invalid in math mode on input line 843.


LaTeX Warning: Command \textellipsis invalid in math mode on input line 843.


LaTeX Warning: Command \texttimes invalid in math mode on input line 843.


LaTeX Warning: Command \texttimes invalid in math mode on input line 843.

Missing character: There is no Ö in font cmr10!
Missing character: There is no Ö in font cmr10!

LaTeX Warning: Command \texttimes invalid in math mode on input line 843.


LaTeX Warning: Command \texttimes invalid in math mode on input line 843.


LaTeX Warning: Command \textellipsis invalid in math mode on input line 843.


LaTeX Warning: Command \textellipsis invalid in math mode on input line 843.


LaTeX Warning: Command \texttimes invalid in math mode on input line 843.


LaTeX Warning: Command \texttimes invalid in math mode on input line 843.

Missing character: There is no Ö in font cmr10!
Missing character: There is no Ö in font cmr10!
<CCI.png, id=693, 2338.7375pt x 1027.84pt>
File: CCI.png Graphic file (type png)
 <use CCI.png>
Package pdftex.def Info: CCI.png used on input line 856.
(pdftex.def)             Requested size: 2338.73183pt x 1027.8375pt.
File: CCI.png Graphic file (type png)
 <use CCI.png>
Package pdftex.def Info: CCI.png used on input line 856.
(pdftex.def)             Requested size: 469.755pt x 206.44263pt.
 [17 <./CCI.png>] <CPI.png, id=705, 2649.9pt x 1547.7825pt>
File: CPI.png Graphic file (type png)
 <use CPI.png>
Package pdftex.def Info: CPI.png used on input line 885.
(pdftex.def)             Requested size: 2649.89355pt x 1547.77875pt.
File: CPI.png Graphic file (type png)
 <use CPI.png>
Package pdftex.def Info: CPI.png used on input line 885.
(pdftex.def)             Requested size: 469.755pt x 274.36134pt.

[18 <./CPI.png>] [19] [20

]
Chapter 3.
<brief.png, id=722, 3707.8525pt x 2606.73875pt>
File: brief.png Graphic file (type png)
 <use brief.png>
Package pdftex.def Info: brief.png used on input line 930.
(pdftex.def)             Requested size: 284.52756pt x 200.03139pt.

<caco2.png, id=723, 624.3325pt x 468.75125pt>
File: caco2.png Graphic file (type png)
 <use caco2.png>
Package pdftex.def Info: caco2.png used on input line 941.
(pdftex.def)             Requested size: 284.52756pt x 213.62546pt.
 [21 <./brief.png>] [22 <./caco2.png>] <solubility.png, id=736, 600.2425pt x 61
2.2875pt>
File: solubility.png Graphic file (type png)

<use solubility.png>
Package pdftex.def Info: solubility.png used on input line 1019.
(pdftex.def)             Requested size: 270.30118pt x 275.73238pt.

Overfull \vbox (2.82735pt too high) detected at line 1081
 []

[23]
Underfull \vbox (badness 10000) detected at line 1081
 []

[24 <./solubility.png>] <DPI.png, id=747, 624.3325pt x 468.75125pt>
File: DPI.png Graphic file (type png)

<use DPI.png>
Package pdftex.def Info: DPI.png used on input line 1096.
(pdftex.def)             Requested size: 284.52756pt x 213.62546pt.
 [25]
Underfull \vbox (badness 10000) detected at line 1188
 []


Overfull \vbox (3.16037pt too high) detected at line 1188
 []

[26 <./DPI.png>] [27] <subcell.png, id=763, 641.39626pt x 468.75125pt>
File: subcell.png Graphic file (type png)

<use subcell.png>
Package pdftex.def Info: subcell.png used on input line 1205.
(pdftex.def)             Requested size: 284.52756pt x 207.94633pt.
 [28 <./subcell.png>]
<DNA.png, id=770, 738.76pt x 468.75125pt>
File: DNA.png Graphic file (type png)
 <use DNA.png>
Package pdftex.def Info: DNA.png used on input line 1289.
(pdftex.def)             Requested size: 284.52756pt x 180.53773pt.
 [29] [30 <./DNA.png>]
[31] [32

]
Chapter 4.
LaTeX Font Info:    Font shape `T1/pcr/bx/n' in size <10> not available
(Font)              Font shape `T1/pcr/b/n' tried instead on input line 1.
[33] [34] [35] [36] [37]
Underfull \hbox (badness 10000) in paragraph at lines 2052--2052
[]\T1/ptm/m/it/10 input_data\T1/ptm/m/n/10 , \T1/ptm/m/it/10 k\T1/ptm/m/n/10 , 
\T1/ptm/m/it/10 phy-che_index\T1/ptm/m/n/10 , \T1/ptm/m/it/10 ex-
 []


Underfull \hbox (badness 10000) in paragraph at lines 2087--2087
[]\T1/ptm/m/it/10 input_data\T1/ptm/m/n/10 , \T1/ptm/m/it/10 ex-
 []

[38]
Underfull \hbox (badness 10000) in paragraph at lines 2113--2113
[]\T1/ptm/m/it/10 input_data\T1/ptm/m/n/10 , \T1/ptm/m/it/10 ex-
 []


Underfull \hbox (badness 10000) in paragraph at lines 2195--2195
[]\T1/ptm/m/it/10 sequence_list\T1/ptm/m/n/10 , \T1/ptm/m/it/10 lamada\T1/ptm/m
/n/10 , \T1/ptm/m/it/10 w\T1/ptm/m/n/10 , \T1/ptm/m/it/10 k\T1/ptm/m/n/10 , \T1
/ptm/m/it/10 phy-che_value\T1/ptm/m/n/10 ,
 []

[39]
Underfull \hbox (badness 10000) in paragraph at lines 2273--2273
[]\T1/ptm/m/it/10 k\T1/ptm/m/n/10 , \T1/ptm/m/it/10 phy-che_index=None\T1/ptm/m
/n/10 , \T1/ptm/m/it/10 all_property=False\T1/ptm/m/n/10 , \T1/ptm/m/it/10 ex-
 []

[40] [41] [42] [43] [44]
Overfull \hbox (107.56001pt too wide) in paragraph at lines 2902--2908
[]\T1/ptm/m/n/10 A ac-cep-tor; P pos-i-tive; N neg-a-tive; L lipophilic; D dono
r; ################################################################# 
 []

[45] [46] [47] [48] [49] [50] [51] [52] [53] [54] [55] [56] [57] [58] [59]
[60] [61] [62] [63] [64] [65] [66] [67] [68]
Underfull \hbox (badness 10000) in paragraph at lines 5463--5463
[]\T1/ptm/m/it/10 mol\T1/ptm/m/n/10 , \T1/ptm/m/it/10 feat-Fac-
 []


Overfull \hbox (123.48172pt too wide) in paragraph at lines 5463--5463
\T1/ptm/m/it/10 tory=<rdkit.Chem.rdMolChemicalFeatures.MolChemicalFeatureFactor
y
 []


Underfull \hbox (badness 10000) in paragraph at lines 5469--5469
[]\T1/ptm/m/it/10 mol\T1/ptm/m/n/10 , \T1/ptm/m/it/10 feat-Fac-
 []


Overfull \hbox (123.48172pt too wide) in paragraph at lines 5469--5469
\T1/ptm/m/it/10 tory=<rdkit.Chem.rdMolChemicalFeatures.MolChemicalFeatureFactor
y
 []

[69] [70] [71] [72] [73] [74] [75] [76] [77] [78] [79] [80] [81] [82] [83]
[84] [85] [86] [87] [88] [89] [90] [91] [92] [93]
Underfull \hbox (badness 10000) in paragraph at lines 7930--7930
[]\T1/ptm/m/it/10 ProteinSequence\T1/ptm/m/n/10 , \T1/ptm/m/it/10 AAP\T1/ptm/m/
n/10 ,
 []

[94] [95] [96] [97]
Underfull \hbox (badness 10000) in paragraph at lines 8309--8309
[]\T1/ptm/m/it/10 ProteinSequence\T1/ptm/m/n/10 , \T1/ptm/m/it/10 AAProp-erty\T
1/ptm/m/n/10 ,
 []


Overfull \hbox (12.55443pt too wide) in paragraph at lines 8329--8329
[]\T1/ptm/m/it/10 ProteinSequence\T1/pcr/m/n/10 ) 
 []

[98]
Overfull \hbox (18.55443pt too wide) in paragraph at lines 8365--8365
[]\T1/ptm/m/it/10 ProteinSequence\T1/pcr/m/n/10 ) 
 []


Overfull \hbox (18.55443pt too wide) in paragraph at lines 8399--8399
[]\T1/ptm/m/it/10 ProteinSequence\T1/pcr/m/n/10 ) 
 []

[99] [100] [101] [102] [103] [104] [105] [106] [107] [108] [109] [110] [111]
[112]
Underfull \hbox (badness 10000) in paragraph at lines 9779--9779
[]\T1/ptm/m/it/10 ProteinSequence\T1/ptm/m/n/10 , \T1/ptm/m/it/10 maxlag=30\T1/
ptm/m/n/10 ,
 []


Underfull \hbox (badness 10000) in paragraph at lines 9779--9779
\T1/ptm/m/it/10 weight=0.1\T1/ptm/m/n/10 , \T1/ptm/m/it/10 dis-tance-ma-
 []

[113]
Underfull \hbox (badness 10000) in paragraph at lines 9821--9821
[]\T1/ptm/m/it/10 ProteinSequence\T1/ptm/m/n/10 , \T1/ptm/m/it/10 maxlag=30\T1/
ptm/m/n/10 ,
 []


Underfull \hbox (badness 10000) in paragraph at lines 9821--9821
\T1/ptm/m/it/10 weight=0.1\T1/ptm/m/n/10 , \T1/ptm/m/it/10 dis-tance-ma-
 []

[114]
Underfull \hbox (badness 10000) in paragraph at lines 9897--9897
[]\T1/ptm/m/it/10 ProteinSequence\T1/ptm/m/n/10 ,
 []


Underfull \hbox (badness 10000) in paragraph at lines 9897--9897
\T1/ptm/m/it/10 maxlag=30\T1/ptm/m/n/10 , \T1/ptm/m/it/10 dis-tance-
 []


Underfull \hbox (badness 10000) in paragraph at lines 9925--9925
[]\T1/ptm/m/it/10 ProteinSequence\T1/ptm/m/n/10 ,
 []


Underfull \hbox (badness 10000) in paragraph at lines 9925--9925
\T1/ptm/m/it/10 maxlag=30\T1/ptm/m/n/10 , \T1/ptm/m/it/10 dis-tance-ma-
 []

[115]
Underfull \hbox (badness 10000) in paragraph at lines 9953--9953
[]\T1/ptm/m/it/10 ProteinSequence\T1/ptm/m/n/10 ,
 []


Underfull \hbox (badness 10000) in paragraph at lines 10043--10043
[]\T1/ptm/m/it/10 k\T1/ptm/m/n/10 , \T1/ptm/m/it/10 phy-che_index=None\T1/ptm/m
/n/10 , \T1/ptm/m/it/10 all_property=False\T1/ptm/m/n/10 , \T1/ptm/m/it/10 ex-
 []

[116] [117]
Underfull \hbox (badness 10000) in paragraph at lines 10226--10226
[]\T1/ptm/m/it/10 normalizations=(Normalization(u'Nitro to N+(O-)=O',
 []


Overfull \hbox (47.90228pt too wide) in paragraph at lines 10226--10226
\T1/ptm/m/it/10 u'[*:1][N,P,As,Sb:2](=[O,S,Se,Te:3])=[O,S,Se,Te:4]>>[*:1][*+1:2
]([*-
 []


Underfull \hbox (badness 10000) in paragraph at lines 10226--10226
\T1/ptm/m/it/10 1:3])=[*:4]'), Nor-mal-iza-tion(u'Sulfone to S(=O)(=O)',
 []


Underfull \hbox (badness 10000) in paragraph at lines 10226--10226
\T1/ptm/m/it/10 u'[S+2:1]([O-:2])([O-:3])>>[S+0:1](=[O-
 []


Underfull \hbox (badness 10000) in paragraph at lines 10226--10226
\T1/ptm/m/it/10 0:2])(=[O-0:3])'), Nor-mal-iza-tion(u'Pyridine ox-
 []


Underfull \hbox (badness 10000) in paragraph at lines 10226--10226
\T1/ptm/m/it/10 ide to n+O-`, u'[n:1]=[O:2]>>[n+:1][O-
 []


Underfull \hbox (badness 10000) in paragraph at lines 10226--10226
\T1/ptm/m/it/10 :2]'), Nor-mal-iza-tion(u'Azide to N=N+=N-`,
 []


Underfull \hbox (badness 10000) in paragraph at lines 10226--10226
\T1/ptm/m/it/10 u'[*,H:1][N:2]=[N:3]#[N:4]>>[*,H:1][N:2]=[N+:3]=[N-
 []


Underfull \hbox (badness 10000) in paragraph at lines 10226--10226
\T1/ptm/m/it/10 :4]'), Nor-mal-iza-tion(u'Diazo/azo to =N+=N-
 []


Underfull \hbox (badness 10000) in paragraph at lines 10226--10226
\T1/ptm/m/it/10 `, u'[*:1]=[N:2]#[N:3]>>[*:1]=[N+:2]=[N-
 []


Underfull \hbox (badness 10000) in paragraph at lines 10226--10226
\T1/ptm/m/it/10 :3]'), Nor-mal-iza-tion(u'Sulfoxide to -S+(O-)-`,
 []


Underfull \hbox (badness 10000) in paragraph at lines 10226--10226
\T1/ptm/m/it/10 u'[!O:1][S+0;X3:2](=[O:3])[!O:4]>>[*:1][S+1:2]([O-
 []


Underfull \hbox (badness 10000) in paragraph at lines 10226--10226
\T1/ptm/m/it/10 :3])[*:4]'), Nor-mal-iza-tion(u'Phosphate to P(O-
 []


Underfull \hbox (badness 10000) in paragraph at lines 10226--10226
\T1/ptm/m/it/10 )=O', u'[O,S,Se,Te;-1:1][P+;D4:2][O,S,Se,Te;-
 []


Underfull \hbox (badness 10000) in paragraph at lines 10226--10226
\T1/ptm/m/it/10 1:3]>>[*+0:1]=[P+0;D5:2][*-1:3]'), Nor-
 []


Underfull \hbox (badness 10000) in paragraph at lines 10226--10226
\T1/ptm/m/it/10 mal-iza-tion(u'Amidinium to C(=NH2+)NH2',
 []


Overfull \hbox (27.77223pt too wide) in paragraph at lines 10226--10226
\T1/ptm/m/it/10 u'[C,S;X3+1:1]([NX3:2])[NX3!H0:3]>>[*+0:1]([N:2])=[N+:3]'),
 []


Underfull \hbox (badness 10000) in paragraph at lines 10226--10226
\T1/ptm/m/it/10 Nor-mal-iza-tion(u'Normalize hydrazine-
 []


Underfull \hbox (badness 10000) in paragraph at lines 10226--10226
\T1/ptm/m/it/10 diazonium', u'[CX4:1][NX3H:2]-
 []


Overfull \hbox (135.381pt too wide) in paragraph at lines 10226--10226
\T1/ptm/m/it/10 [NX3H:3][CX4:4][NX2+:5]#[NX1:6]>>[CX4:1][NH0:2]=[NH+:3][C:4][N+
0:5]=[NH:6]'),
 []


Underfull \hbox (badness 10000) in paragraph at lines 10226--10226
\T1/ptm/m/it/10 Nor-mal-iza-tion(u'Recombine 1,3-separated
 []


Underfull \hbox (badness 10000) in paragraph at lines 10226--10226
\T1/ptm/m/it/10 charges', u'[N,P,As,Sb,O,S,Se,Te;-1:1]-
 []


Underfull \hbox (badness 10000) in paragraph at lines 10226--10226
\T1/ptm/m/it/10 [A:2]=[N,P,As,Sb,O,S,Se,Te;+1:3]>>[*-0:1]=[*:2]-
 []


Underfull \hbox (badness 10000) in paragraph at lines 10226--10226
\T1/ptm/m/it/10 [*+0:3]'), Nor-mal-iza-tion(u'Recombine 1,3-separated
 []


Underfull \hbox (badness 10000) in paragraph at lines 10226--10226
\T1/ptm/m/it/10 charges', u'[n,o,p,s;-1:1]:[a:2]=[N,O,P,S;+1:3]>>[*-
 []


Underfull \hbox (badness 10000) in paragraph at lines 10226--10226
\T1/ptm/m/it/10 0:1]:[*:2]-[*+0:3]'), Nor-mal-iza-tion(u'Recombine
 []


Underfull \hbox (badness 10000) in paragraph at lines 10226--10226
\T1/ptm/m/it/10 1,3-separated charges', u'[N,O,P,S;-1:1]-
 []


Underfull \hbox (badness 10000) in paragraph at lines 10226--10226
\T1/ptm/m/it/10 [a:2]:[n,o,p,s;+1:3]>>[*-0:1]=[*:2]:[*+0:3]'), Nor-
 []


Underfull \hbox (badness 10000) in paragraph at lines 10226--10226
\T1/ptm/m/it/10 mal-iza-tion(u'Recombine 1,5-separated charges',
 []


Underfull \hbox (badness 10000) in paragraph at lines 10226--10226
\T1/ptm/m/it/10 u'[N,P,As,Sb,O,S,Se,Te;-1:1]-[A+0:2]=[A:3]-
 []


Underfull \hbox (badness 10000) in paragraph at lines 10226--10226
\T1/ptm/m/it/10 [A:4]=[N,P,As,Sb,O,S,Se,Te;+1:5]>>[*-
 []


Underfull \hbox (badness 10000) in paragraph at lines 10226--10226
\T1/ptm/m/it/10 0:1]=[*:2]-[*:3]=[*:4]-[*+0:5]'), Nor-mal-iza-
 []


Underfull \hbox (badness 10000) in paragraph at lines 10226--10226
\T1/ptm/m/it/10 tion(u'Recombine 1,5-separated charges', u'[n,o,p,s;-
 []


Underfull \hbox (badness 10000) in paragraph at lines 10226--10226
\T1/ptm/m/it/10 1:1]:[a:2]:[a:3]:[c:4]=[N,O,P,S;+1:5]>>[*-
 []


Underfull \hbox (badness 10000) in paragraph at lines 10226--10226
\T1/ptm/m/it/10 0:1]:[*:2]:[*:3]:[c:4]-[*+0:5]'), Nor-mal-iza-
 []


Underfull \hbox (badness 10000) in paragraph at lines 10226--10226
\T1/ptm/m/it/10 tion(u'Recombine 1,5-separated charges', u'[N,O,P,S;-
 []


Underfull \hbox (badness 10000) in paragraph at lines 10226--10226
\T1/ptm/m/it/10 1:1]-[c:2]:[a:3]:[a:4]:[n,o,p,s;+1:5]>>[*-
 []


Underfull \hbox (badness 10000) in paragraph at lines 10226--10226
\T1/ptm/m/it/10 0:1]=[c:2]:[*:3]:[*:4]:[*+0:5]'), Nor-mal-iza-
 []


Underfull \hbox (badness 10000) in paragraph at lines 10226--10226
\T1/ptm/m/it/10 [A:2]=[N!$(*[O-]),O;+1H0:3]>>[*+1:1]=[*:2]-
 []


Underfull \hbox (badness 10000) in paragraph at lines 10226--10226
\T1/ptm/m/it/10 [*+0:3]'), Nor-mal-iza-tion(u'Normalize 1,3 con-
 []


Underfull \hbox (badness 10000) in paragraph at lines 10226--10226
\T1/ptm/m/it/10 ju-gated cation', u'[n;+0!H0:1]:[c:2]=[N!$(*[O-
 []


Underfull \hbox (badness 10000) in paragraph at lines 10226--10226
\T1/ptm/m/it/10 ]),O;+1H0:3]>>[*+1:1]:[*:2]-[*+0:3]'), Nor-mal-iza-
 []


Underfull \hbox (badness 10000) in paragraph at lines 10226--10226
\T1/ptm/m/it/10 [c:2]:[n!$(*[O-]),o;+1H0:3]>>[*+1:1]=[*:2]:[*+0:3]'),
 []


Underfull \hbox (badness 10000) in paragraph at lines 10226--10226
\T1/ptm/m/it/10 Nor-mal-iza-tion(u'Normalize 1,5 con-ju-gated cation',
 []


Underfull \hbox (badness 10000) in paragraph at lines 10226--10226
\T1/ptm/m/it/10 u'[N,O;+0!H0:1]-[A:2]=[A:3]-[A:4]=[N!$(*[O-
 []


Underfull \hbox (badness 10000) in paragraph at lines 10226--10226
\T1/ptm/m/it/10 ]),O;+1H0:5]>>[*+1:1]=[*:2]-[*:3]=[*:4]-
 []


Underfull \hbox (badness 10000) in paragraph at lines 10226--10226
\T1/ptm/m/it/10 [*+0:5]'), Nor-mal-iza-tion(u'Normalize 1,5 con-ju-gated
 []


Underfull \hbox (badness 10000) in paragraph at lines 10226--10226
\T1/ptm/m/it/10 cation', u'[n;+0!H0:1]:[a:2]:[a:3]:[c:4]=[N!$(*[O-
 []


Underfull \hbox (badness 10000) in paragraph at lines 10226--10226
\T1/ptm/m/it/10 ]),O;+1H0:5]>>[n+1:1]:[*:2]:[*:3]:[*:4]-[*+0:5]'),
 []


Underfull \hbox (badness 10000) in paragraph at lines 10226--10226
\T1/ptm/m/it/10 Nor-mal-iza-tion(u'Normalize 1,5 con-ju-gated cation',
 []


Underfull \hbox (badness 10000) in paragraph at lines 10226--10226
\T1/ptm/m/it/10 u'[N,O;+0!H0:1]-[c:2]:[a:3]:[a:4]:[n!$(*[O-
 []


Underfull \hbox (badness 10000) in paragraph at lines 10226--10226
\T1/ptm/m/it/10 ]),o;+1H0:5]>>[*+1:1]=[c:2]:[*:3]:[*:4]:[*+0:5]'),
 []


Underfull \hbox (badness 10000) in paragraph at lines 10226--10226
\T1/ptm/m/it/10 Nor-mal-iza-tion(u'Normalize 1,5 con-ju-gated cation',
 []


Underfull \hbox (badness 10000) in paragraph at lines 10226--10226
\T1/ptm/m/it/10 u'[n;+0!H0:1]1:[a:2]:[a:3]:[a:4]:[n!$(*[O-
 []


Underfull \hbox (badness 10000) in paragraph at lines 10226--10226
\T1/ptm/m/it/10 ]);+1H0:5]1>>[n+1:1]1:[*:2]:[*:3]:[*:4]:[n+0:5]1'),
 []


Underfull \hbox (badness 10000) in paragraph at lines 10226--10226
\T1/ptm/m/it/10 Nor-mal-iza-tion(u'Normalize 1,5 con-ju-gated
 []


Underfull \hbox (badness 10000) in paragraph at lines 10226--10226
\T1/ptm/m/it/10 cation', u'[n;+0!H0:1]:[a:2]:[a:3]:[a:4]:[n!$(*[O-
 []


Underfull \hbox (badness 10000) in paragraph at lines 10226--10226
\T1/ptm/m/it/10 ]);+1H0:5]>>[n+1:1]:[*:2]:[*:3]:[*:4]:[n+0:5]'),
 []


Underfull \hbox (badness 10000) in paragraph at lines 10226--10226
\T1/ptm/m/it/10 Nor-mal-iza-tion(u'Charge nor-mal-iza-tion', u'[F,Cl,Br,I,At;-
 []


Underfull \hbox (badness 10000) in paragraph at lines 10226--10226
\T1/ptm/m/it/10 1:1]=[O:2]>>[*-0:1][O-:2]'), Nor-mal-iza-
 []


Underfull \hbox (badness 10000) in paragraph at lines 10226--10226
\T1/ptm/m/it/10 tion(u'Charge re-com-bi-na-tion', u'[N,P,As,Sb;-
 []


Underfull \hbox (badness 10000) in paragraph at lines 10226--10226
\T1/ptm/m/it/10 1:1]=[C+;v3:2]>>[*+0:1]#[C+0:2]')),
 []


Underfull \hbox (badness 10000) in paragraph at lines 10226--10226
\T1/ptm/m/it/10 acid_base_pairs=(AcidBasePair(u'-OSO3H',
 []


Underfull \hbox (badness 10000) in paragraph at lines 10226--10226
\T1/ptm/m/it/10 u'OS(=O)(=O)[OH]', u'OS(=O)(=O)[O-]'), Acid-
 []


Underfull \hbox (badness 10000) in paragraph at lines 10226--10226
\T1/ptm/m/it/10 Base-Pair(u'u2013SO3H', u'[!O]S(=O)(=O)[OH]',
 []


Underfull \hbox (badness 10000) in paragraph at lines 10226--10226
\T1/ptm/m/it/10 u'[!O]S(=O)(=O)[O-]'), AcidBasePair(u'-OSO2H',
 []


Underfull \hbox (badness 10000) in paragraph at lines 10226--10226
\T1/ptm/m/it/10 u'O[SD3](=O)[OH]', u'O[SD3](=O)[O-]'),
 []


Underfull \hbox (badness 10000) in paragraph at lines 10226--10226
\T1/ptm/m/it/10 AcidBasePair(u'-SO2H', u'[!O][SD3](=O)[OH]',
 []


Underfull \hbox (badness 10000) in paragraph at lines 10226--10226
\T1/ptm/m/it/10 u'[!O][SD3](=O)[O-]'), AcidBasePair(u'-OPO3H2',
 []


Underfull \hbox (badness 10000) in paragraph at lines 10226--10226
\T1/ptm/m/it/10 u'OP(=O)([OH])[OH]', u'OP(=O)([OH])[O-]'),
 []


Underfull \hbox (badness 10000) in paragraph at lines 10226--10226
\T1/ptm/m/it/10 AcidBasePair(u'-PO3H2', u'[!O]P(=O)([OH])[OH]',
 []


Underfull \hbox (badness 10000) in paragraph at lines 10226--10226
\T1/ptm/m/it/10 u'[!O]P(=O)([OH])[O-]'), AcidBasePair(u'-CO2H',
 []


Underfull \hbox (badness 10000) in paragraph at lines 10226--10226
\T1/ptm/m/it/10 u'c[SH]', u'c[S-]'), AcidBasePair(u'(-OPO3H)-
 []


Underfull \hbox (badness 10000) in paragraph at lines 10226--10226
\T1/ptm/m/it/10 `, u'OP(=O)([OH])[O-]', u'OP(=O)([O-])[O-]'),
 []


Underfull \hbox (badness 10000) in paragraph at lines 10226--10226
\T1/ptm/m/it/10 AcidBasePair(u'(-PO3H)-`, u'[!O]P(=O)([OH])[O-]',
 []


Underfull \hbox (badness 10000) in paragraph at lines 10226--10226
\T1/ptm/m/it/10 u'[!O]P(=O)([O-])[O-]'), Acid-Base-Pair(u'phthalimide',
 []


Underfull \hbox (badness 10000) in paragraph at lines 10226--10226
\T1/ptm/m/it/10 u'C(=O)O[O-]'), AcidBasePair(u'alpha-carbon-
 []


Underfull \hbox (badness 10000) in paragraph at lines 10226--10226
\T1/ptm/m/it/10 hydrogen-nitro group', u'O=N(O)[CH]', u'O=N(O)[C-
 []


Underfull \hbox (badness 10000) in paragraph at lines 10226--10226
\T1/ptm/m/it/10 ]'), AcidBasePair(u'-SO2NH2', u'S(=O)(=O)[NH2]',
 []


Underfull \hbox (badness 10000) in paragraph at lines 10226--10226
\T1/ptm/m/it/10 u'S(=O)(=O)[NH-]'), AcidBasePair(u'-OBO2H2',
 []


Underfull \hbox (badness 10000) in paragraph at lines 10226--10226
\T1/ptm/m/it/10 u'OB([OH])[OH]', u'OB([OH])[O-]'), AcidBasePair(u'-
 []


Underfull \hbox (badness 10000) in paragraph at lines 10226--10226
\T1/ptm/m/it/10 u'c1cnc[n-]1'), AcidBasePair(u'-OH', u'[CX4][OH]',
 []


Underfull \hbox (badness 10000) in paragraph at lines 10226--10226
\T1/ptm/m/it/10 u'[CX4][O-]'), AcidBasePair(u'alpha-carbon-
 []


Underfull \hbox (badness 10000) in paragraph at lines 10226--10226
\T1/ptm/m/it/10 hydrogen-keto group', u'O=C[CH]', u'O=C[C-]'),
 []


Underfull \hbox (badness 10000) in paragraph at lines 10226--10226
\T1/ptm/m/it/10 AcidBasePair(u'alpha-carbon-hydrogen-acetyl es-ter
 []


Underfull \hbox (badness 10000) in paragraph at lines 10226--10226
\T1/ptm/m/it/10 group', u'OC(=O)[CH]', u'OC(=O)[C-]'), Acid-Base-
 []


Underfull \hbox (badness 10000) in paragraph at lines 10226--10226
\T1/ptm/m/it/10 Pair(u'sp car-bon hy-dro-gen', u'C#[CH]', u'C#[C-
 []


Underfull \hbox (badness 10000) in paragraph at lines 10226--10226
\T1/ptm/m/it/10 ]'), AcidBasePair(u'alpha-carbon-hydrogen-sulfone
 []


Underfull \hbox (badness 10000) in paragraph at lines 10226--10226
\T1/ptm/m/it/10 group', u'CS(=O)(=O)C[CH]', u'CS(=O)(=O)C[C-
 []


Underfull \hbox (badness 10000) in paragraph at lines 10226--10226
\T1/ptm/m/it/10 ]'), AcidBasePair(u'alpha-carbon-hydrogen-sulfoxide
 []


Underfull \hbox (badness 10000) in paragraph at lines 10226--10226
\T1/ptm/m/it/10 group', u'C[SD3](=O)C[CH]', u'C[SD3](=O)C[C-]'),
 []


Underfull \hbox (badness 10000) in paragraph at lines 10226--10226
\T1/ptm/m/it/10 AcidBasePair(u'-NH2', u'[CX4][NH2]', u'[CX4][NH-
 []


Underfull \hbox (badness 10000) in paragraph at lines 10226--10226
\T1/ptm/m/it/10 ]'), Acid-Base-Pair(u'benzyl hy-dro-gen', u'c[CD4H]',
 []


Underfull \hbox (badness 10000) in paragraph at lines 10226--10226
\T1/ptm/m/it/10 u'c[CD3-]'), AcidBasePair(u'sp2-carbon hy-dro-gen',
 []


Underfull \hbox (badness 10000) in paragraph at lines 10226--10226
\T1/ptm/m/it/10 carbon hy-dro-gen', u'[CX4H]', u'[CX3-]')), tau-
 []


Underfull \hbox (badness 10000) in paragraph at lines 10226--10226
\T1/ptm/m/it/10 [], []), Tau-tomer-Trans-form(u`1,5 (thio)keto/enol f',
 []


Underfull \hbox (badness 10000) in paragraph at lines 10226--10226
\T1/ptm/m/it/10 u'[CX4,NX3;!H0][C]=[C][CH0]=[O,S,Se,Te;X1]',
 []


Underfull \hbox (badness 10000) in paragraph at lines 10226--10226
\T1/ptm/m/it/10 [], []), Tau-tomer-Trans-form(u`1,5 (thio)keto/enol
 []


Underfull \hbox (badness 10000) in paragraph at lines 10226--10226
\T1/ptm/m/it/10 r', u'[O,S,Se,Te;X2!H0][CH0]=,:[C][C]=,:[C,N]',
 []


Underfull \hbox (badness 10000) in paragraph at lines 10226--10226
\T1/ptm/m/it/10 [], []), Tau-tomer-Trans-form(u'aliphatic imine f',
 []


Underfull \hbox (badness 10000) in paragraph at lines 10226--10226
\T1/ptm/m/it/10 u'[CX4!H0][C]=[NX2]', [], []), Tau-tomer-Trans-
 []


Underfull \hbox (badness 10000) in paragraph at lines 10226--10226
\T1/ptm/m/it/10 form(u'aliphatic imine r', u'[NX3!H0][C]=[CX3]',
 []


Underfull \hbox (badness 10000) in paragraph at lines 10226--10226
\T1/ptm/m/it/10 [], []), Tau-tomer-Trans-form(u'special imine f',
 []


Underfull \hbox (badness 10000) in paragraph at lines 10226--10226
\T1/ptm/m/it/10 u'[N!H0][C]=[CX3R0]', [], []), Tau-tomer-Trans-
 []


Underfull \hbox (badness 10000) in paragraph at lines 10226--10226
\T1/ptm/m/it/10 form(u'special imine r', u'[CX4!H0][c]=,:[n]',
 []


Underfull \hbox (badness 10000) in paragraph at lines 10226--10226
\T1/ptm/m/it/10 [], []), Tau-tomer-Trans-form(u`1,3 aro-matic het-
 []


Underfull \hbox (badness 10000) in paragraph at lines 10226--10226
\T1/ptm/m/it/10 eroatom H shift f', u'[#7!H0][#6R1]=[O,#7X2]',
 []


Underfull \hbox (badness 10000) in paragraph at lines 10226--10226
\T1/ptm/m/it/10 [], []), Tau-tomer-Trans-form(u`1,3 aro-matic het-
 []


Underfull \hbox (badness 10000) in paragraph at lines 10226--10226
\T1/ptm/m/it/10 eroatom H shift r', u'[O,#7;!H0][#6R1]=,:[#7X2]',
 []


Underfull \hbox (badness 6300) in paragraph at lines 10226--10226
\T1/ptm/m/it/10 [], []), Tau-tomer-Trans-form(u`1,3 het-eroatom H shift',
 []


Underfull \hbox (badness 10000) in paragraph at lines 10226--10226
\T1/ptm/m/it/10 u'[#7,S,O,Se,Te;!H0][#7X2,#6,#15]=[#7,#16,#8,Se,Te]',
 []


Underfull \hbox (badness 10000) in paragraph at lines 10226--10226
\T1/ptm/m/it/10 shift', u'[n,s,o;!H0]:[c,n]:[c]:[c,n]:[n,s,o;H0]', [], []),
 []


Overfull \hbox (64.84297pt too wide) in paragraph at lines 10226--10226
\T1/ptm/m/it/10 u'[#7,#16,#8,Se,Te;!H0][#6,nX2]=,:[#6,nX2][#6,#7X2]=,:[#7X2,S,O
,Se,Te]',
 []


Underfull \hbox (badness 10000) in paragraph at lines 10226--10226
\T1/ptm/m/it/10 [], []), Tau-tomer-Trans-form(u`1,5
 []


Underfull \hbox (badness 10000) in paragraph at lines 10226--10226
\T1/ptm/m/it/10 aro-matic het-eroatom H shift r',
 []


Overfull \hbox (53.73299pt too wide) in paragraph at lines 10226--10226
\T1/ptm/m/it/10 u'[#7,S,O,Se,Te;!H0][#6,#7X2]=,:[#6,nX2][#6,nX2]=,:[#7,#16,#8,S
e,Te]',
 []


Underfull \hbox (badness 10000) in paragraph at lines 10226--10226
\T1/ptm/m/it/10 [], []), Tau-tomer-Trans-form(u`1,7
 []


Underfull \hbox (badness 10000) in paragraph at lines 10226--10226
\T1/ptm/m/it/10 aro-matic het-eroatom H shift f',
 []


Overfull \hbox (166.7724pt too wide) in paragraph at lines 10226--10226
\T1/ptm/m/it/10 u'[#7,#8,#16,Se,Te;!H0][#6,#7X2]=,:[#6,#7X2][#6,#7X2]=,:[#6][#6
,#7X2]=,:[#7X2,S,O,Se,Te,CX3]',
 []


Underfull \hbox (badness 10000) in paragraph at lines 10226--10226
\T1/ptm/m/it/10 [], []), Tau-tomer-Trans-form(u`1,7
 []


Underfull \hbox (badness 10000) in paragraph at lines 10226--10226
\T1/ptm/m/it/10 aro-matic het-eroatom H shift r',
 []


Overfull \hbox (150.6623pt too wide) in paragraph at lines 10226--10226
\T1/ptm/m/it/10 u'[#7,S,O,Se,Te,CX4;!H0][#6,#7X2]=,:[#6][#6,#7X2]=,:[#6,#7X2][#
6,#7X2]=,:[NX2,S,O,Se,Te]',
 []


Underfull \hbox (badness 10000) in paragraph at lines 10226--10226
\T1/ptm/m/it/10 [], []), Tau-tomer-Trans-form(u`1,9
 []


Underfull \hbox (badness 10000) in paragraph at lines 10226--10226
\T1/ptm/m/it/10 aro-matic het-eroatom H shift f',
 []


Overfull \hbox (179.83217pt too wide) in paragraph at lines 10226--10226
\T1/ptm/m/it/10 u'[#7,O;!H0][#6,#7X2]=,:[#6,#7X2][#6,#7X2]=,:[#6,#7X2][#6,#7X2]
=,:[#6,#7X2][#6,#7X2]=,:[#7,O]',
 []


Underfull \hbox (badness 10000) in paragraph at lines 10226--10226
\T1/ptm/m/it/10 [], []), Tau-tomer-Trans-form(u`1,11
 []


Underfull \hbox (badness 10000) in paragraph at lines 10226--10226
\T1/ptm/m/it/10 aro-matic het-eroatom H shift f',
 []


Overfull \hbox (241.30165pt too wide) in paragraph at lines 10226--10226
\T1/ptm/m/it/10 u'[#7,O;!H0][#6,nX2]=,:[#6,nX2][#6,nX2]=,:[#6,nX2][#6,nX2]=,:[#
6,nX2][#6,nX2]=,:[#6,nX2][#6,nX2]=,:[#7X2,O]',
 []


Underfull \hbox (badness 10000) in paragraph at lines 10226--10226
\T1/ptm/m/it/10 [], []), Tau-tomer-Trans-form(u'furanone f',
 []


Underfull \hbox (badness 10000) in paragraph at lines 10226--10226
\T1/ptm/m/it/10 u'[O,S,N;!H0][#6X3r5;$([#6][!#6])]=,:[#6X3r5]',
 []


Underfull \hbox (badness 10000) in paragraph at lines 10226--10226
\T1/ptm/m/it/10 [], []), Tau-tomer-Trans-form(u'furanone r',
 []


Underfull \hbox (badness 10000) in paragraph at lines 10226--10226
\T1/ptm/m/it/10 u'[#6r5!H0][#6X3r5;$([#6][!#6])]=[O,S,N]',
 []


Underfull \hbox (badness 10000) in paragraph at lines 10226--10226
\T1/ptm/m/it/10 [], []), Tau-tomer-Trans-form(u'keten/ynol
 []


Underfull \hbox (badness 10000) in paragraph at lines 10226--10226
\T1/ptm/m/it/10 f', u'[C!H0]=[C]=[O,S,Se,Te;X1]', [rd-
 []


Underfull \hbox (badness 10000) in paragraph at lines 10226--10226
\T1/ptm/m/it/10 kit.Chem.rdchem.BondType.TRIPLE, rd-
 []


Underfull \hbox (badness 10000) in paragraph at lines 10226--10226
\T1/ptm/m/it/10 kit.Chem.rdchem.BondType.SINGLE], []), Tau-tomer-
 []


Underfull \hbox (badness 10000) in paragraph at lines 10226--10226
\T1/ptm/m/it/10 Trans-form(u'keten/ynol r', u'[O,S,Se,Te;!H0X2][C]#[C]',
 []


Underfull \hbox (badness 10000) in paragraph at lines 10226--10226
\T1/ptm/m/it/10 [rd-kit.Chem.rdchem.BondType.DOUBLE, rd-
 []


Underfull \hbox (badness 10000) in paragraph at lines 10226--10226
\T1/ptm/m/it/10 kit.Chem.rdchem.BondType.DOUBLE], []), Tau-tomer-
 []


Underfull \hbox (badness 6510) in paragraph at lines 10226--10226
\T1/ptm/m/it/10 r', u'[O!H0][N+;$([N][O-])]=[C]', [], []), Tau-tomer-
 []


Underfull \hbox (badness 10000) in paragraph at lines 10226--10226
\T1/ptm/m/it/10 [], []), Tau-tomer-Trans-form(u'oxim/nitroso via phe-
 []


Underfull \hbox (badness 10000) in paragraph at lines 10226--10226
\T1/ptm/m/it/10 nol f', u'[O!H0][N]=[C][C]=[C][C]=[OH0]', [],
 []


Underfull \hbox (badness 10000) in paragraph at lines 10226--10226
\T1/ptm/m/it/10 []), Tau-tomer-Trans-form(u'oxim/nitroso via phe-
 []


Underfull \hbox (badness 10000) in paragraph at lines 10226--10226
\T1/ptm/m/it/10 nol r', u'[O!H0][c]:[c]:[c]:[c][N]=[OH0]', [],
 []


Underfull \hbox (badness 10000) in paragraph at lines 10226--10226
\T1/ptm/m/it/10 []), TautomerTransform(u'cyano/iso-cyanic acid f',
 []


Underfull \hbox (badness 10000) in paragraph at lines 10226--10226
\T1/ptm/m/it/10 rd-kit.Chem.rdchem.BondType.DOUBLE],
 []


Underfull \hbox (badness 10000) in paragraph at lines 10226--10226
\T1/ptm/m/it/10 []), TautomerTransform(u'cyano/iso-
 []


Underfull \hbox (badness 10000) in paragraph at lines 10226--10226
\T1/ptm/m/it/10 cyanic acid r', u'[N!H0]=[C]=[O]', [rd-
 []


Underfull \hbox (badness 10000) in paragraph at lines 10226--10226
\T1/ptm/m/it/10 kit.Chem.rdchem.BondType.TRIPLE, rd-
 []


Underfull \hbox (badness 10000) in paragraph at lines 10226--10226
\T1/ptm/m/it/10 kit.Chem.rdchem.BondType.SINGLE], []), Tau-
 []


Underfull \hbox (badness 10000) in paragraph at lines 10226--10226
\T1/ptm/m/it/10 tomer-Trans-form(u'formamidinesulfinic acid
 []


Underfull \hbox (badness 10000) in paragraph at lines 10226--10226
\T1/ptm/m/it/10 f', u'[O,N;!H0][C][S,Se,Te]=[O]', [rd-
 []


Underfull \hbox (badness 10000) in paragraph at lines 10226--10226
\T1/ptm/m/it/10 kit.Chem.rdchem.BondType.DOUBLE, rd-
 []


Underfull \hbox (badness 10000) in paragraph at lines 10226--10226
\T1/ptm/m/it/10 kit.Chem.rdchem.BondType.SINGLE, rd-
 []


Underfull \hbox (badness 10000) in paragraph at lines 10226--10226
\T1/ptm/m/it/10 kit.Chem.rdchem.BondType.SINGLE], []), Tau-
 []


Underfull \hbox (badness 10000) in paragraph at lines 10226--10226
\T1/ptm/m/it/10 tomer-Trans-form(u'formamidinesulfinic acid
 []


Underfull \hbox (badness 10000) in paragraph at lines 10226--10226
\T1/ptm/m/it/10 r', u'[O!H0][S,Se,Te][C]=[O,N]', [rd-
 []


Underfull \hbox (badness 10000) in paragraph at lines 10226--10226
\T1/ptm/m/it/10 kit.Chem.rdchem.BondType.DOUBLE, rd-
 []


Underfull \hbox (badness 10000) in paragraph at lines 10226--10226
\T1/ptm/m/it/10 kit.Chem.rdchem.BondType.SINGLE, rd-
 []


Underfull \hbox (badness 10000) in paragraph at lines 10226--10226
\T1/ptm/m/it/10 kit.Chem.rdchem.BondType.SINGLE], []), Tau-tomer-
 []


Underfull \hbox (badness 10000) in paragraph at lines 10226--10226
\T1/ptm/m/it/10 Trans-form(u'isocyanide f', u'[C-0!H0]#[N+0]', [rd-
 []


Underfull \hbox (badness 10000) in paragraph at lines 10226--10226
\T1/ptm/m/it/10 kit.Chem.rdchem.BondType.TRIPLE], [-1, 1]), Tau-
 []


Underfull \hbox (badness 10000) in paragraph at lines 10226--10226
\T1/ptm/m/it/10 tomer-Trans-form(u'isocyanide r', u'[N+!H0]#[C-]',
 []


Underfull \hbox (badness 10000) in paragraph at lines 10226--10226
\T1/ptm/m/it/10 [rd-kit.Chem.rdchem.BondType.TRIPLE], [-1, 1]), Tau-
 []


Underfull \hbox (badness 10000) in paragraph at lines 10226--10226
\T1/ptm/m/it/10 tomer-Trans-form(u'phosphonic acid f', u'[OH][PH0]',
 []


Underfull \hbox (badness 10000) in paragraph at lines 10226--10226
\T1/ptm/m/it/10 [rd-kit.Chem.rdchem.BondType.DOUBLE], []), Tau-
 []


Underfull \hbox (badness 10000) in paragraph at lines 10226--10226
\T1/ptm/m/it/10 tomer-Trans-form(u'phosphonic acid r', u'[PH]=[O]',
 []


Underfull \hbox (badness 10000) in paragraph at lines 10226--10226
\T1/ptm/m/it/10 [rd-kit.Chem.rdchem.BondType.SINGLE], [])), tau-
 []


Underfull \hbox (badness 10000) in paragraph at lines 10226--10226
\T1/ptm/m/it/10 tomer_scores=(TautomerScore(u'benzoquinone',
 []


Underfull \hbox (badness 10000) in paragraph at lines 10226--10226
\T1/ptm/m/it/10 u'[#6]1([#6]=[#6][#6]([#6]=[#6]1)=,:[N,S,O])=,:[N,S,O]',
 []


Underfull \hbox (badness 10000) in paragraph at lines 10226--10226
\T1/ptm/m/it/10 25), Tau-tomer-Score(u'oxim', u'[#6]=[N][OH]', 4),
 []


Underfull \hbox (badness 10000) in paragraph at lines 10226--10226
\T1/ptm/m/it/10 Tau-tomer-Score(u'C=O', u'[#6]=,:[#8]', 2), Tau-tomer-
 []


Underfull \hbox (badness 10000) in paragraph at lines 10226--10226
\T1/ptm/m/it/10 u'[#15]=,:[#8]', 2), Tau-tomer-Score(u'C=hetero',
 []


Underfull \hbox (badness 10000) in paragraph at lines 10226--10226
\T1/ptm/m/it/10 u'[#6]=[!#1;!#6]', 1), Tau-tomer-Score(u'methyl',
 []


Underfull \hbox (badness 10000) in paragraph at lines 10226--10226
\T1/ptm/m/it/10 en-do-cyclic=N', u'[#7;R][#6;R]([N])=[#7;R]', 2),
 []


Underfull \hbox (badness 10000) in paragraph at lines 10226--10226
\T1/ptm/m/it/10 TautomerScore(u'aci-nitro', u'[#6]=[N+]([O-])[OH]',
 []


Underfull \hbox (badness 10000) in paragraph at lines 10226--10226
\T1/ptm/m/it/10 -4)), max_restarts=200, max_tautomers=1000, pre-
 []

[118]
Overfull \vbox (1804.61499pt too high) has occurred while \output is active []


[119] [120] [121] [122]
Underfull \hbox (badness 10000) in paragraph at lines 10622--10622
[]\T1/ptm/m/it/10 file_list\T1/ptm/m/n/10 , \T1/ptm/m/it/10 host-name='ftp.wwpd
b.org'\T1/ptm/m/n/10 , \T1/ptm/m/it/10 di-rec-
 []

[123] [124] [125] [126]
Chapter 5.
[127

] [128

]
Chapter 6.
No file PyBioMed.ind.
Package atveryend Info: Empty hook `BeforeClearDocument' on input line 11040.
[129]
Package atveryend Info: Empty hook `AfterLastShipout' on input line 11040.
 (PyBioMed.aux)
Package atveryend Info: Executing hook `AtVeryEndDocument' on input line 11040.

Package atveryend Info: Executing hook `AtEndAfterFileList' on input line 11040
.
Package rerunfilecheck Info: File `PyBioMed.out' has not changed.
(rerunfilecheck)             Checksum: 32D6DBD47C57A37832047E62244EB3E5;19016.
Package atveryend Info: Empty hook `AtVeryVeryEnd' on input line 11040.
 ) 
Here is how much of TeX's memory you used:
 14960 strings out of 493634
 226801 string characters out of 3145370
 529314 words of memory out of 3000000
 17216 multiletter control sequences out of 15000+200000
 65557 words of font info for 84 fonts, out of 3000000 for 9000
 1026 hyphenation exceptions out of 8191
 36i,19n,51p,13104b,573s stack positions out of 5000i,500n,10000p,200000b,50000s
{C:/Program Files/MiKTEX/fonts/enc/dvips/fontname/8r.enc}<C:/Program Files/Mi
KTEX/fonts/type1/public/amsfonts/cm/cmex10.pfb><C:/Program Files/MiKTEX/fonts/t
ype1/public/amsfonts/cm/cmmi10.pfb><C:/Program Files/MiKTEX/fonts/type1/public/
amsfonts/cm/cmmi5.pfb><C:/Program Files/MiKTEX/fonts/type1/public/amsfonts/cm/c
mmi7.pfb><C:/Program Files/MiKTEX/fonts/type1/public/amsfonts/cm/cmr10.pfb><C:/
Program Files/MiKTEX/fonts/type1/public/amsfonts/cm/cmsy10.pfb><C:/Program File
s/MiKTEX/fonts/type1/public/amsfonts/cm/cmsy5.pfb><C:/Program Files/MiKTEX/font
s/type1/urw/courier/ucrb8a.pfb><C:/Program Files/MiKTEX/fonts/type1/urw/courier
/ucrr8a.pfb><C:/Program Files/MiKTEX/fonts/type1/urw/courier/ucrro8a.pfb><C:/Pr
ogram Files/MiKTEX/fonts/type1/urw/helvetic/uhvb8a.pfb><C:/Program Files/MiKTEX
/fonts/type1/urw/helvetic/uhvbo8a.pfb><C:/Program Files/MiKTEX/fonts/type1/urw/
times/utmb8a.pfb><C:/Program Files/MiKTEX/fonts/type1/urw/times/utmr8a.pfb><C:/
Program Files/MiKTEX/fonts/type1/urw/times/utmr8a.pfb><C:/Program Files/MiKTEX/
fonts/type1/urw/times/utmri8a.pfb>
Output written on PyBioMed.pdf (135 pages, 5108694 bytes).
PDF statistics:
 2037 PDF objects out of 2073 (max. 8388607)
 810 named destinations out of 1000 (max. 500000)
 935 words of extra memory for PDF output out of 10000 (max. 10000000)

