\BOOKMARK [0][-]{chapter.1}{\376\377\000O\000v\000e\000r\000v\000i\000e\000w}{}% 1
\BOOKMARK [1][-]{section.1.1}{\376\377\000W\000h\000o\000\040\000u\000s\000e\000s\000\040\000P\000y\000B\000i\000o\000M\000e\000d\000?}{chapter.1}% 2
\BOOKMARK [1][-]{section.1.2}{\376\377\000G\000o\000a\000l\000s}{chapter.1}% 3
\BOOKMARK [1][-]{section.1.3}{\376\377\000F\000e\000a\000t\000u\000r\000e\000\040\000o\000v\000e\000r\000v\000i\000e\000w}{chapter.1}% 4
\BOOKMARK [1][-]{section.1.4}{\376\377\000T\000h\000e\000\040\000P\000y\000t\000h\000o\000n\000\040\000p\000r\000o\000g\000r\000a\000m\000m\000i\000n\000g\000\040\000l\000a\000n\000g\000u\000a\000g\000e}{chapter.1}% 5
\BOOKMARK [0][-]{chapter.2}{\376\377\000G\000e\000t\000t\000i\000n\000g\000\040\000S\000t\000a\000r\000t\000e\000d\000\040\000w\000i\000t\000h\000\040\000P\000y\000B\000i\000o\000M\000e\000d}{}% 6
\BOOKMARK [1][-]{section.2.1}{\376\377\000I\000n\000s\000t\000a\000l\000l\000i\000n\000g\000\040\000t\000h\000e\000\040\000P\000y\000B\000i\000o\000M\000e\000d\000\040\000p\000a\000c\000k\000a\000g\000e}{chapter.2}% 7
\BOOKMARK [1][-]{section.2.2}{\376\377\000G\000e\000t\000t\000i\000n\000g\000\040\000m\000o\000l\000e\000c\000u\000l\000e\000s}{chapter.2}% 8
\BOOKMARK [2][-]{subsection.2.2.1}{\376\377\000G\000e\000t\000t\000i\000n\000g\000\040\000m\000o\000l\000e\000c\000u\000l\000a\000r\000\040\000s\000t\000r\000u\000c\000t\000u\000r\000e}{section.2.2}% 9
\BOOKMARK [2][-]{subsection.2.2.2}{\376\377\000R\000e\000a\000d\000i\000n\000g\000\040\000m\000o\000l\000e\000c\000u\000l\000e\000s}{section.2.2}% 10
\BOOKMARK [2][-]{subsection.2.2.3}{\376\377\000G\000e\000t\000t\000i\000n\000g\000\040\000p\000r\000o\000t\000e\000i\000n\000\040\000s\000e\000q\000u\000e\000n\000c\000e}{section.2.2}% 11
\BOOKMARK [2][-]{subsection.2.2.4}{\376\377\000R\000e\000a\000d\000i\000n\000g\000\040\000p\000r\000o\000t\000e\000i\000n\000\040\000s\000e\000q\000u\000e\000n\000c\000e}{section.2.2}% 12
\BOOKMARK [2][-]{subsection.2.2.5}{\376\377\000G\000e\000t\000t\000i\000n\000g\000\040\000D\000N\000A\000\040\000s\000e\000q\000u\000e\000n\000c\000e}{section.2.2}% 13
\BOOKMARK [2][-]{subsection.2.2.6}{\376\377\000R\000e\000a\000d\000i\000n\000g\000\040\000D\000N\000A\000\040\000s\000e\000q\000u\000e\000n\000c\000e}{section.2.2}% 14
\BOOKMARK [1][-]{section.2.3}{\376\377\000P\000r\000e\000t\000r\000e\000a\000t\000i\000n\000g\000\040\000s\000t\000r\000u\000c\000t\000u\000r\000e}{chapter.2}% 15
\BOOKMARK [2][-]{subsection.2.3.1}{\376\377\000P\000r\000e\000t\000r\000e\000a\000t\000i\000n\000g\000\040\000m\000o\000l\000e\000c\000u\000l\000e\000s}{section.2.3}% 16
\BOOKMARK [2][-]{subsection.2.3.2}{\376\377\000P\000r\000e\000t\000r\000e\000a\000t\000i\000n\000g\000\040\000p\000r\000o\000t\000e\000i\000n\000\040\000s\000e\000q\000u\000e\000n\000c\000e}{section.2.3}% 17
\BOOKMARK [2][-]{subsection.2.3.3}{\376\377\000P\000r\000e\000t\000r\000e\000a\000t\000i\000n\000g\000\040\000D\000N\000A\000\040\000s\000e\000q\000u\000e\000n\000c\000e}{section.2.3}% 18
\BOOKMARK [1][-]{section.2.4}{\376\377\000C\000a\000l\000c\000u\000l\000a\000t\000i\000n\000g\000\040\000m\000o\000l\000e\000c\000u\000l\000a\000r\000\040\000d\000e\000s\000c\000r\000i\000p\000t\000o\000r\000s}{chapter.2}% 19
\BOOKMARK [2][-]{subsection.2.4.1}{\376\377\000C\000a\000l\000c\000u\000l\000a\000t\000i\000n\000g\000\040\000d\000e\000s\000c\000r\000i\000p\000t\000o\000r\000s}{section.2.4}% 20
\BOOKMARK [2][-]{subsection.2.4.2}{\376\377\000C\000a\000l\000c\000u\000l\000a\000t\000i\000n\000g\000\040\000m\000o\000l\000e\000c\000u\000l\000a\000r\000\040\000f\000i\000n\000g\000e\000r\000p\000r\000i\000n\000t\000s}{section.2.4}% 21
\BOOKMARK [1][-]{section.2.5}{\376\377\000C\000a\000l\000c\000u\000l\000a\000t\000i\000n\000g\000\040\000p\000r\000o\000t\000e\000i\000n\000\040\000d\000e\000s\000c\000r\000i\000p\000t\000o\000r\000s}{chapter.2}% 22
\BOOKMARK [2][-]{subsection.2.5.1}{\376\377\000C\000a\000l\000c\000u\000l\000a\000t\000i\000n\000g\000\040\000p\000r\000o\000t\000e\000i\000n\000\040\000d\000e\000s\000c\000r\000i\000p\000t\000o\000r\000s\000\040\000v\000i\000a\000\040\000f\000u\000n\000c\000t\000i\000o\000n\000s}{section.2.5}% 23
\BOOKMARK [2][-]{subsection.2.5.2}{\376\377\000C\000a\000l\000c\000u\000l\000a\000t\000e\000\040\000p\000r\000o\000t\000e\000i\000n\000\040\000d\000e\000s\000c\000r\000i\000p\000t\000o\000r\000s\000\040\000v\000i\000a\000\040\000o\000b\000j\000e\000c\000t}{section.2.5}% 24
\BOOKMARK [1][-]{section.2.6}{\376\377\000C\000a\000l\000c\000u\000l\000a\000t\000i\000n\000g\000\040\000D\000N\000A\000\040\000d\000e\000s\000c\000r\000i\000p\000t\000o\000r\000s}{chapter.2}% 25
\BOOKMARK [2][-]{subsection.2.6.1}{\376\377\000C\000a\000l\000c\000u\000l\000a\000t\000i\000n\000g\000\040\000D\000N\000A\000\040\000d\000e\000s\000c\000r\000i\000p\000t\000o\000r\000s\000\040\000v\000i\000a\000\040\000f\000u\000n\000c\000t\000i\000o\000n\000s}{section.2.6}% 26
\BOOKMARK [2][-]{subsection.2.6.2}{\376\377\000C\000a\000l\000c\000u\000l\000a\000t\000i\000n\000g\000\040\000D\000N\000A\000\040\000d\000e\000s\000c\000r\000i\000p\000t\000o\000r\000s\000\040\000v\000i\000a\000\040\000o\000b\000j\000e\000c\000t}{section.2.6}% 27
\BOOKMARK [1][-]{section.2.7}{\376\377\000C\000a\000l\000c\000u\000l\000a\000t\000i\000n\000g\000\040\000I\000n\000t\000e\000r\000a\000c\000t\000i\000o\000n\000\040\000d\000e\000s\000c\000r\000i\000p\000t\000o\000r\000s}{chapter.2}% 28
\BOOKMARK [0][-]{chapter.3}{\376\377\000A\000p\000p\000l\000i\000c\000a\000t\000i\000o\000n}{}% 29
\BOOKMARK [1][-]{section.3.1}{\376\377\000A\000p\000p\000l\000i\000c\000a\000t\000i\000o\000n\000\040\0001\000\040\000P\000r\000e\000d\000i\000c\000t\000i\000o\000n\000\040\000o\000f\000\040\000C\000a\000c\000o\000-\0002\000\040\000C\000e\000l\000l\000\040\000P\000e\000r\000m\000e\000a\000b\000i\000l\000i\000t\000y}{chapter.3}% 30
\BOOKMARK [1][-]{section.3.2}{\376\377\000A\000p\000p\000l\000i\000c\000a\000t\000i\000o\000n\000\040\0002\000\040\000P\000r\000e\000d\000i\000c\000t\000i\000o\000n\000\040\000o\000f\000\040\000a\000q\000u\000e\000o\000u\000s\000\040\000s\000o\000l\000u\000b\000i\000l\000i\000t\000y}{chapter.3}% 31
\BOOKMARK [1][-]{section.3.3}{\376\377\000A\000p\000p\000l\000i\000c\000a\000t\000i\000o\000n\000\040\0003\000\040\000P\000r\000e\000d\000i\000c\000t\000i\000o\000n\000\040\000o\000f\000\040\000d\000r\000u\000g\040\023\000t\000a\000r\000g\000e\000t\000\040\000i\000n\000t\000e\000r\000a\000c\000t\000i\000o\000n\000\040\000f\000r\000o\000m\000\040\000t\000h\000e\000\040\000i\000n\000t\000e\000g\000r\000a\000t\000i\000o\000n\000\040\000o\000f\000\040\000c\000h\000e\000m\000i\000c\000a\000l\000\040\000a\000n\000d\000\040\000p\000r\000o\000t\000e\000i\000n\000\040\000s\000p\000a\000c\000e\000s}{chapter.3}% 32
\BOOKMARK [1][-]{section.3.4}{\376\377\000A\000p\000p\000l\000i\000c\000a\000t\000i\000o\000n\000\040\0004\000\040\000P\000r\000e\000d\000i\000c\000t\000i\000o\000n\000\040\000o\000f\000\040\000p\000r\000o\000t\000e\000i\000n\000\040\000s\000u\000b\000c\000e\000l\000l\000u\000l\000a\000r\000\040\000l\000o\000c\000a\000t\000i\000o\000n}{chapter.3}% 33
\BOOKMARK [1][-]{section.3.5}{\376\377\000A\000p\000p\000l\000i\000c\000a\000t\000i\000o\000n\000\040\0005\000\040\000P\000r\000e\000d\000i\000c\000t\000i\000n\000g\000\040\000n\000u\000c\000l\000e\000o\000s\000o\000m\000e\000\040\000p\000o\000s\000i\000t\000i\000o\000n\000i\000n\000g\000\040\000i\000n\000\040\000g\000e\000n\000o\000m\000e\000s\000\040\000w\000i\000t\000h\000\040\000d\000i\000n\000u\000c\000l\000e\000o\000t\000i\000d\000e\000-\000b\000a\000s\000e\000d\000\040\000a\000u\000t\000o\000\040\000c\000o\000v\000a\000r\000i\000a\000n\000c\000e}{chapter.3}% 34
\BOOKMARK [0][-]{chapter.4}{\376\377\000P\000y\000B\000i\000o\000M\000e\000d\000\040\000A\000P\000I}{}% 35
\BOOKMARK [1][-]{section.4.1}{\376\377\000P\000y\000D\000N\000A}{chapter.4}% 36
\BOOKMARK [2][-]{subsection.4.1.1}{\376\377\000P\000y\000D\000N\000A\000a\000c\000\040\000m\000o\000d\000u\000l\000e}{section.4.1}% 37
\BOOKMARK [2][-]{subsection.4.1.2}{\376\377\000P\000y\000D\000N\000A\000a\000c\000u\000t\000i\000l\000\040\000m\000o\000d\000u\000l\000e}{section.4.1}% 38
\BOOKMARK [2][-]{subsection.4.1.3}{\376\377\000P\000y\000D\000N\000A\000n\000a\000c\000\040\000m\000o\000d\000u\000l\000e}{section.4.1}% 39
\BOOKMARK [2][-]{subsection.4.1.4}{\376\377\000P\000y\000D\000N\000A\000n\000a\000c\000u\000t\000i\000l\000\040\000m\000o\000d\000u\000l\000e}{section.4.1}% 40
\BOOKMARK [2][-]{subsection.4.1.5}{\376\377\000P\000y\000D\000N\000A\000p\000s\000e\000n\000a\000c\000\040\000m\000o\000d\000u\000l\000e}{section.4.1}% 41
\BOOKMARK [2][-]{subsection.4.1.6}{\376\377\000P\000y\000D\000N\000A\000p\000s\000e\000n\000a\000c\000u\000t\000i\000l\000\040\000m\000o\000d\000u\000l\000e}{section.4.1}% 42
\BOOKMARK [2][-]{subsection.4.1.7}{\376\377\000P\000y\000D\000N\000A\000u\000t\000i\000l\000\040\000m\000o\000d\000u\000l\000e}{section.4.1}% 43
\BOOKMARK [1][-]{section.4.2}{\376\377\000P\000y\000M\000o\000l\000e\000c\000u\000l\000e}{chapter.4}% 44
\BOOKMARK [2][-]{subsection.4.2.1}{\376\377\000A\000t\000o\000m\000P\000r\000o\000p\000e\000r\000t\000y\000\040\000m\000o\000d\000u\000l\000e}{section.4.2}% 45
\BOOKMARK [2][-]{subsection.4.2.2}{\376\377\000A\000t\000o\000m\000T\000y\000p\000e\000s\000\040\000m\000o\000d\000u\000l\000e}{section.4.2}% 46
\BOOKMARK [2][-]{subsection.4.2.3}{\376\377\000b\000a\000s\000a\000k\000\040\000m\000o\000d\000u\000l\000e}{section.4.2}% 47
\BOOKMARK [2][-]{subsection.4.2.4}{\376\377\000b\000c\000u\000t\000\040\000m\000o\000d\000u\000l\000e}{section.4.2}% 48
\BOOKMARK [2][-]{subsection.4.2.5}{\376\377\000c\000a\000t\000s\0002\000d\000\040\000m\000o\000d\000u\000l\000e}{section.4.2}% 49
\BOOKMARK [2][-]{subsection.4.2.6}{\376\377\000c\000h\000a\000r\000g\000e\000\040\000m\000o\000d\000u\000l\000e}{section.4.2}% 50
\BOOKMARK [2][-]{subsection.4.2.7}{\376\377\000c\000o\000n\000n\000e\000c\000t\000i\000v\000i\000t\000y\000\040\000m\000o\000d\000u\000l\000e}{section.4.2}% 51
\BOOKMARK [2][-]{subsection.4.2.8}{\376\377\000c\000o\000n\000s\000t\000i\000t\000u\000t\000i\000o\000n\000\040\000m\000o\000d\000u\000l\000e}{section.4.2}% 52
\BOOKMARK [2][-]{subsection.4.2.9}{\376\377\000e\000s\000t\000a\000t\000e\000\040\000m\000o\000d\000u\000l\000e}{section.4.2}% 53
\BOOKMARK [2][-]{subsection.4.2.10}{\376\377\000f\000i\000n\000g\000e\000r\000p\000r\000i\000n\000t\000\040\000m\000o\000d\000u\000l\000e}{section.4.2}% 54
\BOOKMARK [2][-]{subsection.4.2.11}{\376\377\000g\000e\000a\000r\000y\000\040\000m\000o\000d\000u\000l\000e}{section.4.2}% 55
\BOOKMARK [2][-]{subsection.4.2.12}{\376\377\000g\000h\000o\000s\000e\000c\000r\000i\000p\000p\000e\000n\000\040\000m\000o\000d\000u\000l\000e}{section.4.2}% 56
\BOOKMARK [2][-]{subsection.4.2.13}{\376\377\000k\000a\000p\000p\000a\000\040\000m\000o\000d\000u\000l\000e}{section.4.2}% 57
\BOOKMARK [2][-]{subsection.4.2.14}{\376\377\000m\000o\000e\000\040\000m\000o\000d\000u\000l\000e}{section.4.2}% 58
\BOOKMARK [2][-]{subsection.4.2.15}{\376\377\000m\000o\000l\000p\000r\000o\000p\000e\000r\000t\000y\000\040\000m\000o\000d\000u\000l\000e}{section.4.2}% 59
\BOOKMARK [2][-]{subsection.4.2.16}{\376\377\000m\000o\000r\000a\000n\000\040\000m\000o\000d\000u\000l\000e}{section.4.2}% 60
\BOOKMARK [2][-]{subsection.4.2.17}{\376\377\000m\000o\000r\000e\000a\000u\000b\000r\000o\000t\000o\000\040\000m\000o\000d\000u\000l\000e}{section.4.2}% 61
\BOOKMARK [2][-]{subsection.4.2.18}{\376\377\000t\000o\000p\000o\000l\000o\000g\000y\000\040\000m\000o\000d\000u\000l\000e}{section.4.2}% 62
\BOOKMARK [2][-]{subsection.4.2.19}{\376\377\000S\000c\000a\000f\000f\000o\000l\000d\000s\000\040\000m\000o\000d\000u\000l\000e}{section.4.2}% 63
\BOOKMARK [1][-]{section.4.3}{\376\377\000P\000y\000P\000r\000o\000t\000e\000i\000n}{chapter.4}% 64
\BOOKMARK [2][-]{subsection.4.3.1}{\376\377\000P\000y\000P\000r\000o\000t\000e\000i\000n\000\040\000m\000o\000d\000u\000l\000e}{section.4.3}% 65
\BOOKMARK [2][-]{subsection.4.3.2}{\376\377\000A\000A\000C\000o\000m\000p\000o\000s\000i\000t\000i\000o\000n\000\040\000m\000o\000d\000u\000l\000e}{section.4.3}% 66
\BOOKMARK [2][-]{subsection.4.3.3}{\376\377\000A\000A\000I\000n\000d\000e\000x\000\040\000m\000o\000d\000u\000l\000e}{section.4.3}% 67
\BOOKMARK [2][-]{subsection.4.3.4}{\376\377\000A\000u\000t\000o\000c\000o\000r\000r\000e\000l\000a\000t\000i\000o\000n\000\040\000m\000o\000d\000u\000l\000e}{section.4.3}% 68
\BOOKMARK [2][-]{subsection.4.3.5}{\376\377\000C\000T\000D\000\040\000m\000o\000d\000u\000l\000e}{section.4.3}% 69
\BOOKMARK [2][-]{subsection.4.3.6}{\376\377\000C\000o\000n\000j\000o\000i\000n\000t\000T\000r\000i\000a\000d\000\040\000m\000o\000d\000u\000l\000e}{section.4.3}% 70
\BOOKMARK [2][-]{subsection.4.3.7}{\376\377\000G\000e\000t\000P\000r\000o\000t\000e\000i\000n\000F\000r\000o\000m\000U\000n\000i\000p\000r\000o\000t\000\040\000m\000o\000d\000u\000l\000e}{section.4.3}% 71
\BOOKMARK [2][-]{subsection.4.3.8}{\376\377\000G\000e\000t\000S\000u\000b\000S\000e\000q\000\040\000m\000o\000d\000u\000l\000e}{section.4.3}% 72
\BOOKMARK [2][-]{subsection.4.3.9}{\376\377\000P\000r\000o\000C\000h\000e\000c\000k\000\040\000m\000o\000d\000u\000l\000e}{section.4.3}% 73
\BOOKMARK [2][-]{subsection.4.3.10}{\376\377\000P\000s\000e\000u\000d\000o\000A\000A\000C\000\040\000m\000o\000d\000u\000l\000e}{section.4.3}% 74
\BOOKMARK [2][-]{subsection.4.3.11}{\376\377\000P\000y\000P\000r\000o\000t\000e\000i\000n\000A\000A\000C\000o\000m\000p\000o\000s\000i\000t\000i\000o\000n\000\040\000m\000o\000d\000u\000l\000e}{section.4.3}% 75
\BOOKMARK [2][-]{subsection.4.3.12}{\376\377\000P\000y\000P\000r\000o\000t\000e\000i\000n\000A\000A\000I\000n\000d\000e\000x\000\040\000m\000o\000d\000u\000l\000e}{section.4.3}% 76
\BOOKMARK [2][-]{subsection.4.3.13}{\376\377\000Q\000u\000a\000s\000i\000S\000e\000q\000u\000e\000n\000c\000e\000O\000r\000d\000e\000r\000\040\000m\000o\000d\000u\000l\000e}{section.4.3}% 77
\BOOKMARK [1][-]{section.4.4}{\376\377\000P\000y\000P\000r\000e\000t\000r\000e\000a\000t}{chapter.4}% 78
\BOOKMARK [2][-]{subsection.4.4.1}{\376\377\000P\000y\000P\000r\000e\000t\000r\000e\000a\000t\000D\000N\000A\000\040\000m\000o\000d\000u\000l\000e}{section.4.4}% 79
\BOOKMARK [2][-]{subsection.4.4.2}{\376\377\000P\000y\000P\000r\000e\000t\000r\000e\000a\000t\000M\000o\000l\000\040\000m\000o\000d\000u\000l\000e}{section.4.4}% 80
\BOOKMARK [2][-]{subsection.4.4.3}{\376\377\000P\000y\000P\000r\000e\000t\000r\000e\000a\000t\000M\000o\000l\000u\000t\000i\000l\000\040\000m\000o\000d\000u\000l\000e}{section.4.4}% 81
\BOOKMARK [2][-]{subsection.4.4.4}{\376\377\000P\000y\000P\000r\000e\000t\000r\000e\000a\000t\000P\000r\000o\000\040\000m\000o\000d\000u\000l\000e}{section.4.4}% 82
\BOOKMARK [1][-]{section.4.5}{\376\377\000P\000y\000I\000n\000t\000e\000r\000a\000c\000t\000i\000o\000n}{chapter.4}% 83
\BOOKMARK [2][-]{subsection.4.5.1}{\376\377\000P\000y\000I\000n\000t\000e\000r\000a\000c\000t\000i\000o\000n\000\040\000m\000o\000d\000u\000l\000e}{section.4.5}% 84
\BOOKMARK [1][-]{section.4.6}{\376\377\000P\000y\000G\000e\000t\000M\000o\000l}{chapter.4}% 85
\BOOKMARK [2][-]{subsection.4.6.1}{\376\377\000G\000e\000t\000P\000r\000o\000t\000e\000i\000n\000\040\000m\000o\000d\000u\000l\000e}{section.4.6}% 86
\BOOKMARK [2][-]{subsection.4.6.2}{\376\377\000G\000e\000t\000D\000N\000A\000\040\000m\000o\000d\000u\000l\000e}{section.4.6}% 87
\BOOKMARK [2][-]{subsection.4.6.3}{\376\377\000G\000e\000t\000m\000o\000l\000\040\000m\000o\000d\000u\000l\000e}{section.4.6}% 88
\BOOKMARK [1][-]{section.4.7}{\376\377\000t\000e\000s\000t\000\040\000p\000a\000c\000k\000a\000g\000e}{chapter.4}% 89
\BOOKMARK [2][-]{subsection.4.7.1}{\376\377\000t\000e\000s\000t\000\040\000m\000o\000d\000u\000l\000e}{section.4.7}% 90
\BOOKMARK [2][-]{subsection.4.7.2}{\376\377\000t\000e\000s\000t\000\137\000P\000y\000B\000i\000o\000M\000e\000d\000\040\000m\000o\000d\000u\000l\000e}{section.4.7}% 91
\BOOKMARK [2][-]{subsection.4.7.3}{\376\377\000t\000e\000s\000t\000\137\000P\000y\000D\000N\000A\000\040\000m\000o\000d\000u\000l\000e}{section.4.7}% 92
\BOOKMARK [2][-]{subsection.4.7.4}{\376\377\000t\000e\000s\000t\000\137\000P\000y\000I\000n\000t\000e\000r\000a\000t\000i\000o\000n\000\040\000m\000o\000d\000u\000l\000e}{section.4.7}% 93
\BOOKMARK [2][-]{subsection.4.7.5}{\376\377\000t\000e\000s\000t\000\137\000P\000y\000M\000o\000l\000e\000c\000u\000l\000e\000\040\000m\000o\000d\000u\000l\000e}{section.4.7}% 94
\BOOKMARK [2][-]{subsection.4.7.6}{\376\377\000t\000e\000s\000t\000\137\000P\000y\000P\000r\000e\000t\000r\000e\000a\000t\000\040\000m\000o\000d\000u\000l\000e}{section.4.7}% 95
\BOOKMARK [2][-]{subsection.4.7.7}{\376\377\000t\000e\000s\000t\000\137\000P\000y\000P\000r\000o\000t\000e\000i\000n\000\040\000m\000o\000d\000u\000l\000e}{section.4.7}% 96
\BOOKMARK [2][-]{subsection.4.7.8}{\376\377\000t\000e\000s\000t\000\137\000P\000y\000G\000e\000t\000M\000o\000l\000\040\000m\000o\000d\000u\000l\000e}{section.4.7}% 97
\BOOKMARK [0][-]{chapter.5}{\376\377\000T\000e\000s\000t\000i\000n\000g}{}% 98
\BOOKMARK [1][-]{section.5.1}{\376\377\000R\000e\000q\000u\000i\000r\000e\000m\000e\000n\000t\000s\000\040\000f\000o\000r\000\040\000t\000e\000s\000t\000i\000n\000g}{chapter.5}% 99
\BOOKMARK [1][-]{section.5.2}{\376\377\000T\000e\000s\000t\000i\000n\000g\000\040\000a\000n\000\040\000i\000n\000s\000t\000a\000l\000l\000e\000d\000\040\000p\000a\000c\000k\000a\000g\000e}{chapter.5}% 100
\BOOKMARK [0][-]{chapter.6}{\376\377\000D\000o\000w\000n\000l\000o\000a\000d}{}% 101
\BOOKMARK [1][-]{section.6.1}{\376\377\000P\000y\000t\000h\000o\000n\000\040\000P\000a\000c\000k\000a\000g\000e}{chapter.6}% 102
\BOOKMARK [1][-]{section.6.2}{\376\377\000D\000o\000c\000u\000m\000e\000n\000t\000a\000t\000i\000o\000n}{chapter.6}% 103
\BOOKMARK [1][-]{section.6.3}{\376\377\000T\000h\000e\000\040\000i\000n\000t\000r\000o\000d\000u\000c\000t\000i\000o\000n\000\040\000o\000f\000\040\000d\000e\000s\000c\000r\000i\000p\000t\000o\000r\000s}{chapter.6}% 104
\BOOKMARK [2][-]{subsection.6.3.1}{\376\377\000M\000o\000l\000e\000c\000u\000l\000a\000r\000\040\000d\000e\000s\000c\000r\000i\000p\000t\000o\000r\000s\000\040\000i\000n\000t\000r\000o\000d\000u\000c\000t\000i\000o\000n}{section.6.3}% 105
\BOOKMARK [2][-]{subsection.6.3.2}{\376\377\000P\000r\000o\000t\000e\000i\000n\000\040\000d\000e\000s\000c\000r\000i\000p\000t\000o\000r\000s\000\040\000i\000n\000t\000r\000o\000d\000u\000c\000t\000i\000o\000n}{section.6.3}% 106
\BOOKMARK [2][-]{subsection.6.3.3}{\376\377\000D\000N\000A\000\040\000d\000e\000s\000c\000r\000i\000p\000t\000o\000r\000s\000\040\000i\000n\000t\000r\000o\000d\000u\000c\000t\000i\000o\000n}{section.6.3}% 107
\BOOKMARK [2][-]{subsection.6.3.4}{\376\377\000I\000n\000t\000e\000r\000a\000c\000t\000i\000o\000n\000\040\000d\000e\000s\000c\000r\000i\000p\000t\000o\000r\000s\000\040\000i\000n\000t\000r\000o\000d\000u\000c\000t\000i\000o\000n}{section.6.3}% 108
